ARM GAS  /tmp/cc7po4pe.s 			page 1


   1              		.cpu cortex-m4
   2              		.arch armv7e-m
   3              		.fpu softvfp
   4              		.eabi_attribute 20, 1
   5              		.eabi_attribute 21, 1
   6              		.eabi_attribute 23, 3
   7              		.eabi_attribute 24, 1
   8              		.eabi_attribute 25, 1
   9              		.eabi_attribute 26, 1
  10              		.eabi_attribute 30, 1
  11              		.eabi_attribute 34, 1
  12              		.eabi_attribute 18, 4
  13              		.file	"list.c"
  14              		.text
  15              	.Ltext0:
  16              		.cfi_sections	.debug_frame
  17              		.file 1 "Middlewares/Third_Party/FreeRTOS/Source/list.c"
  18              		.section	.text.vListInitialise,"ax",%progbits
  19              		.align	1
  20              		.global	vListInitialise
  21              		.syntax unified
  22              		.thumb
  23              		.thumb_func
  25              	vListInitialise:
  26              	.LVL0:
  27              	.LFB4:
   1:Middlewares/Third_Party/FreeRTOS/Source/list.c **** /*
   2:Middlewares/Third_Party/FreeRTOS/Source/list.c ****  * FreeRTOS Kernel V10.6.2
   3:Middlewares/Third_Party/FreeRTOS/Source/list.c ****  * Copyright (C) 2021 Amazon.com, Inc. or its affiliates.  All Rights Reserved.
   4:Middlewares/Third_Party/FreeRTOS/Source/list.c ****  *
   5:Middlewares/Third_Party/FreeRTOS/Source/list.c ****  * SPDX-License-Identifier: MIT
   6:Middlewares/Third_Party/FreeRTOS/Source/list.c ****  *
   7:Middlewares/Third_Party/FreeRTOS/Source/list.c ****  * Permission is hereby granted, free of charge, to any person obtaining a copy of
   8:Middlewares/Third_Party/FreeRTOS/Source/list.c ****  * this software and associated documentation files (the "Software"), to deal in
   9:Middlewares/Third_Party/FreeRTOS/Source/list.c ****  * the Software without restriction, including without limitation the rights to
  10:Middlewares/Third_Party/FreeRTOS/Source/list.c ****  * use, copy, modify, merge, publish, distribute, sublicense, and/or sell copies of
  11:Middlewares/Third_Party/FreeRTOS/Source/list.c ****  * the Software, and to permit persons to whom the Software is furnished to do so,
  12:Middlewares/Third_Party/FreeRTOS/Source/list.c ****  * subject to the following conditions:
  13:Middlewares/Third_Party/FreeRTOS/Source/list.c ****  *
  14:Middlewares/Third_Party/FreeRTOS/Source/list.c ****  * The above copyright notice and this permission notice shall be included in all
  15:Middlewares/Third_Party/FreeRTOS/Source/list.c ****  * copies or substantial portions of the Software.
  16:Middlewares/Third_Party/FreeRTOS/Source/list.c ****  *
  17:Middlewares/Third_Party/FreeRTOS/Source/list.c ****  * THE SOFTWARE IS PROVIDED "AS IS", WITHOUT WARRANTY OF ANY KIND, EXPRESS OR
  18:Middlewares/Third_Party/FreeRTOS/Source/list.c ****  * IMPLIED, INCLUDING BUT NOT LIMITED TO THE WARRANTIES OF MERCHANTABILITY, FITNESS
  19:Middlewares/Third_Party/FreeRTOS/Source/list.c ****  * FOR A PARTICULAR PURPOSE AND NONINFRINGEMENT. IN NO EVENT SHALL THE AUTHORS OR
  20:Middlewares/Third_Party/FreeRTOS/Source/list.c ****  * COPYRIGHT HOLDERS BE LIABLE FOR ANY CLAIM, DAMAGES OR OTHER LIABILITY, WHETHER
  21:Middlewares/Third_Party/FreeRTOS/Source/list.c ****  * IN AN ACTION OF CONTRACT, TORT OR OTHERWISE, ARISING FROM, OUT OF OR IN
  22:Middlewares/Third_Party/FreeRTOS/Source/list.c ****  * CONNECTION WITH THE SOFTWARE OR THE USE OR OTHER DEALINGS IN THE SOFTWARE.
  23:Middlewares/Third_Party/FreeRTOS/Source/list.c ****  *
  24:Middlewares/Third_Party/FreeRTOS/Source/list.c ****  * https://www.FreeRTOS.org
  25:Middlewares/Third_Party/FreeRTOS/Source/list.c ****  * https://github.com/FreeRTOS
  26:Middlewares/Third_Party/FreeRTOS/Source/list.c ****  *
  27:Middlewares/Third_Party/FreeRTOS/Source/list.c ****  */
  28:Middlewares/Third_Party/FreeRTOS/Source/list.c **** 
  29:Middlewares/Third_Party/FreeRTOS/Source/list.c **** 
  30:Middlewares/Third_Party/FreeRTOS/Source/list.c **** #include <stdlib.h>
  31:Middlewares/Third_Party/FreeRTOS/Source/list.c **** 
ARM GAS  /tmp/cc7po4pe.s 			page 2


  32:Middlewares/Third_Party/FreeRTOS/Source/list.c **** /* Defining MPU_WRAPPERS_INCLUDED_FROM_API_FILE prevents task.h from redefining
  33:Middlewares/Third_Party/FreeRTOS/Source/list.c ****  * all the API functions to use the MPU wrappers.  That should only be done when
  34:Middlewares/Third_Party/FreeRTOS/Source/list.c ****  * task.h is included from an application file. */
  35:Middlewares/Third_Party/FreeRTOS/Source/list.c **** #define MPU_WRAPPERS_INCLUDED_FROM_API_FILE
  36:Middlewares/Third_Party/FreeRTOS/Source/list.c **** 
  37:Middlewares/Third_Party/FreeRTOS/Source/list.c **** #include "FreeRTOS.h"
  38:Middlewares/Third_Party/FreeRTOS/Source/list.c **** #include "list.h"
  39:Middlewares/Third_Party/FreeRTOS/Source/list.c **** 
  40:Middlewares/Third_Party/FreeRTOS/Source/list.c **** /* Lint e9021, e961 and e750 are suppressed as a MISRA exception justified
  41:Middlewares/Third_Party/FreeRTOS/Source/list.c ****  * because the MPU ports require MPU_WRAPPERS_INCLUDED_FROM_API_FILE to be
  42:Middlewares/Third_Party/FreeRTOS/Source/list.c ****  * defined for the header files above, but not in this file, in order to
  43:Middlewares/Third_Party/FreeRTOS/Source/list.c ****  * generate the correct privileged Vs unprivileged linkage and placement. */
  44:Middlewares/Third_Party/FreeRTOS/Source/list.c **** #undef MPU_WRAPPERS_INCLUDED_FROM_API_FILE /*lint !e961 !e750 !e9021. */
  45:Middlewares/Third_Party/FreeRTOS/Source/list.c **** 
  46:Middlewares/Third_Party/FreeRTOS/Source/list.c **** /*-----------------------------------------------------------
  47:Middlewares/Third_Party/FreeRTOS/Source/list.c **** * PUBLIC LIST API documented in list.h
  48:Middlewares/Third_Party/FreeRTOS/Source/list.c **** *----------------------------------------------------------*/
  49:Middlewares/Third_Party/FreeRTOS/Source/list.c **** 
  50:Middlewares/Third_Party/FreeRTOS/Source/list.c **** void vListInitialise( List_t * const pxList )
  51:Middlewares/Third_Party/FreeRTOS/Source/list.c **** {
  28              		.loc 1 51 1 view -0
  29              		.cfi_startproc
  30              		@ args = 0, pretend = 0, frame = 0
  31              		@ frame_needed = 0, uses_anonymous_args = 0
  32              		@ link register save eliminated.
  52:Middlewares/Third_Party/FreeRTOS/Source/list.c ****     /* The list structure contains a list item which is used to mark the
  53:Middlewares/Third_Party/FreeRTOS/Source/list.c ****      * end of the list.  To initialise the list the list end is inserted
  54:Middlewares/Third_Party/FreeRTOS/Source/list.c ****      * as the only list entry. */
  55:Middlewares/Third_Party/FreeRTOS/Source/list.c ****     pxList->pxIndex = ( ListItem_t * ) &( pxList->xListEnd ); /*lint !e826 !e740 !e9087 The mini li
  33              		.loc 1 55 5 view .LVU1
  34              		.loc 1 55 40 is_stmt 0 view .LVU2
  35 0000 00F10803 		add	r3, r0, #8
  36              		.loc 1 55 21 view .LVU3
  37 0004 4360     		str	r3, [r0, #4]
  56:Middlewares/Third_Party/FreeRTOS/Source/list.c **** 
  57:Middlewares/Third_Party/FreeRTOS/Source/list.c ****     listSET_FIRST_LIST_ITEM_INTEGRITY_CHECK_VALUE( &( pxList->xListEnd ) );
  38              		.loc 1 57 75 is_stmt 1 view .LVU4
  58:Middlewares/Third_Party/FreeRTOS/Source/list.c **** 
  59:Middlewares/Third_Party/FreeRTOS/Source/list.c ****     /* The list end value is the highest possible value in the list to
  60:Middlewares/Third_Party/FreeRTOS/Source/list.c ****      * ensure it remains at the end of the list. */
  61:Middlewares/Third_Party/FreeRTOS/Source/list.c ****     pxList->xListEnd.xItemValue = portMAX_DELAY;
  39              		.loc 1 61 5 view .LVU5
  40              		.loc 1 61 33 is_stmt 0 view .LVU6
  41 0006 4FF0FF32 		mov	r2, #-1
  42 000a 8260     		str	r2, [r0, #8]
  62:Middlewares/Third_Party/FreeRTOS/Source/list.c **** 
  63:Middlewares/Third_Party/FreeRTOS/Source/list.c ****     /* The list end next and previous pointers point to itself so we know
  64:Middlewares/Third_Party/FreeRTOS/Source/list.c ****      * when the list is empty. */
  65:Middlewares/Third_Party/FreeRTOS/Source/list.c ****     pxList->xListEnd.pxNext = ( ListItem_t * ) &( pxList->xListEnd );     /*lint !e826 !e740 !e9087
  43              		.loc 1 65 5 is_stmt 1 view .LVU7
  44              		.loc 1 65 29 is_stmt 0 view .LVU8
  45 000c C360     		str	r3, [r0, #12]
  66:Middlewares/Third_Party/FreeRTOS/Source/list.c ****     pxList->xListEnd.pxPrevious = ( ListItem_t * ) &( pxList->xListEnd ); /*lint !e826 !e740 !e9087
  46              		.loc 1 66 5 is_stmt 1 view .LVU9
  47              		.loc 1 66 33 is_stmt 0 view .LVU10
  48 000e 0361     		str	r3, [r0, #16]
  67:Middlewares/Third_Party/FreeRTOS/Source/list.c **** 
ARM GAS  /tmp/cc7po4pe.s 			page 3


  68:Middlewares/Third_Party/FreeRTOS/Source/list.c ****     /* Initialize the remaining fields of xListEnd when it is a proper ListItem_t */
  69:Middlewares/Third_Party/FreeRTOS/Source/list.c ****     #if ( configUSE_MINI_LIST_ITEM == 0 )
  70:Middlewares/Third_Party/FreeRTOS/Source/list.c ****     {
  71:Middlewares/Third_Party/FreeRTOS/Source/list.c ****         pxList->xListEnd.pvOwner = NULL;
  72:Middlewares/Third_Party/FreeRTOS/Source/list.c ****         pxList->xListEnd.pxContainer = NULL;
  73:Middlewares/Third_Party/FreeRTOS/Source/list.c ****         listSET_SECOND_LIST_ITEM_INTEGRITY_CHECK_VALUE( &( pxList->xListEnd ) );
  74:Middlewares/Third_Party/FreeRTOS/Source/list.c ****     }
  75:Middlewares/Third_Party/FreeRTOS/Source/list.c ****     #endif
  76:Middlewares/Third_Party/FreeRTOS/Source/list.c **** 
  77:Middlewares/Third_Party/FreeRTOS/Source/list.c ****     pxList->uxNumberOfItems = ( UBaseType_t ) 0U;
  49              		.loc 1 77 5 is_stmt 1 view .LVU11
  50              		.loc 1 77 29 is_stmt 0 view .LVU12
  51 0010 0023     		movs	r3, #0
  52 0012 0360     		str	r3, [r0]
  78:Middlewares/Third_Party/FreeRTOS/Source/list.c **** 
  79:Middlewares/Third_Party/FreeRTOS/Source/list.c ****     /* Write known values into the list if
  80:Middlewares/Third_Party/FreeRTOS/Source/list.c ****      * configUSE_LIST_DATA_INTEGRITY_CHECK_BYTES is set to 1. */
  81:Middlewares/Third_Party/FreeRTOS/Source/list.c ****     listSET_LIST_INTEGRITY_CHECK_1_VALUE( pxList );
  53              		.loc 1 81 51 is_stmt 1 view .LVU13
  82:Middlewares/Third_Party/FreeRTOS/Source/list.c ****     listSET_LIST_INTEGRITY_CHECK_2_VALUE( pxList );
  54              		.loc 1 82 51 view .LVU14
  83:Middlewares/Third_Party/FreeRTOS/Source/list.c **** }
  55              		.loc 1 83 1 is_stmt 0 view .LVU15
  56 0014 7047     		bx	lr
  57              		.cfi_endproc
  58              	.LFE4:
  60              		.section	.text.vListInitialiseItem,"ax",%progbits
  61              		.align	1
  62              		.global	vListInitialiseItem
  63              		.syntax unified
  64              		.thumb
  65              		.thumb_func
  67              	vListInitialiseItem:
  68              	.LVL1:
  69              	.LFB5:
  84:Middlewares/Third_Party/FreeRTOS/Source/list.c **** /*-----------------------------------------------------------*/
  85:Middlewares/Third_Party/FreeRTOS/Source/list.c **** 
  86:Middlewares/Third_Party/FreeRTOS/Source/list.c **** void vListInitialiseItem( ListItem_t * const pxItem )
  87:Middlewares/Third_Party/FreeRTOS/Source/list.c **** {
  70              		.loc 1 87 1 is_stmt 1 view -0
  71              		.cfi_startproc
  72              		@ args = 0, pretend = 0, frame = 0
  73              		@ frame_needed = 0, uses_anonymous_args = 0
  74              		@ link register save eliminated.
  88:Middlewares/Third_Party/FreeRTOS/Source/list.c ****     /* Make sure the list item is not recorded as being on a list. */
  89:Middlewares/Third_Party/FreeRTOS/Source/list.c ****     pxItem->pxContainer = NULL;
  75              		.loc 1 89 5 view .LVU17
  76              		.loc 1 89 25 is_stmt 0 view .LVU18
  77 0000 0023     		movs	r3, #0
  78 0002 0361     		str	r3, [r0, #16]
  90:Middlewares/Third_Party/FreeRTOS/Source/list.c **** 
  91:Middlewares/Third_Party/FreeRTOS/Source/list.c ****     /* Write known values into the list item if
  92:Middlewares/Third_Party/FreeRTOS/Source/list.c ****      * configUSE_LIST_DATA_INTEGRITY_CHECK_BYTES is set to 1. */
  93:Middlewares/Third_Party/FreeRTOS/Source/list.c ****     listSET_FIRST_LIST_ITEM_INTEGRITY_CHECK_VALUE( pxItem );
  79              		.loc 1 93 60 is_stmt 1 view .LVU19
  94:Middlewares/Third_Party/FreeRTOS/Source/list.c ****     listSET_SECOND_LIST_ITEM_INTEGRITY_CHECK_VALUE( pxItem );
  80              		.loc 1 94 61 view .LVU20
ARM GAS  /tmp/cc7po4pe.s 			page 4


  95:Middlewares/Third_Party/FreeRTOS/Source/list.c **** }
  81              		.loc 1 95 1 is_stmt 0 view .LVU21
  82 0004 7047     		bx	lr
  83              		.cfi_endproc
  84              	.LFE5:
  86              		.section	.text.vListInsertEnd,"ax",%progbits
  87              		.align	1
  88              		.global	vListInsertEnd
  89              		.syntax unified
  90              		.thumb
  91              		.thumb_func
  93              	vListInsertEnd:
  94              	.LVL2:
  95              	.LFB6:
  96:Middlewares/Third_Party/FreeRTOS/Source/list.c **** /*-----------------------------------------------------------*/
  97:Middlewares/Third_Party/FreeRTOS/Source/list.c **** 
  98:Middlewares/Third_Party/FreeRTOS/Source/list.c **** void vListInsertEnd( List_t * const pxList,
  99:Middlewares/Third_Party/FreeRTOS/Source/list.c ****                      ListItem_t * const pxNewListItem )
 100:Middlewares/Third_Party/FreeRTOS/Source/list.c **** {
  96              		.loc 1 100 1 is_stmt 1 view -0
  97              		.cfi_startproc
  98              		@ args = 0, pretend = 0, frame = 0
  99              		@ frame_needed = 0, uses_anonymous_args = 0
 100              		@ link register save eliminated.
 101:Middlewares/Third_Party/FreeRTOS/Source/list.c ****     ListItem_t * const pxIndex = pxList->pxIndex;
 101              		.loc 1 101 5 view .LVU23
 102              		.loc 1 101 24 is_stmt 0 view .LVU24
 103 0000 4368     		ldr	r3, [r0, #4]
 104              	.LVL3:
 102:Middlewares/Third_Party/FreeRTOS/Source/list.c **** 
 103:Middlewares/Third_Party/FreeRTOS/Source/list.c ****     /* Only effective when configASSERT() is also defined, these tests may catch
 104:Middlewares/Third_Party/FreeRTOS/Source/list.c ****      * the list data structures being overwritten in memory.  They will not catch
 105:Middlewares/Third_Party/FreeRTOS/Source/list.c ****      * data errors caused by incorrect configuration or use of FreeRTOS. */
 106:Middlewares/Third_Party/FreeRTOS/Source/list.c ****     listTEST_LIST_INTEGRITY( pxList );
 105              		.loc 1 106 38 is_stmt 1 view .LVU25
 107:Middlewares/Third_Party/FreeRTOS/Source/list.c ****     listTEST_LIST_ITEM_INTEGRITY( pxNewListItem );
 106              		.loc 1 107 50 view .LVU26
 108:Middlewares/Third_Party/FreeRTOS/Source/list.c **** 
 109:Middlewares/Third_Party/FreeRTOS/Source/list.c ****     /* Insert a new list item into pxList, but rather than sort the list,
 110:Middlewares/Third_Party/FreeRTOS/Source/list.c ****      * makes the new list item the last item to be removed by a call to
 111:Middlewares/Third_Party/FreeRTOS/Source/list.c ****      * listGET_OWNER_OF_NEXT_ENTRY(). */
 112:Middlewares/Third_Party/FreeRTOS/Source/list.c ****     pxNewListItem->pxNext = pxIndex;
 107              		.loc 1 112 5 view .LVU27
 108              		.loc 1 112 27 is_stmt 0 view .LVU28
 109 0002 4B60     		str	r3, [r1, #4]
 113:Middlewares/Third_Party/FreeRTOS/Source/list.c ****     pxNewListItem->pxPrevious = pxIndex->pxPrevious;
 110              		.loc 1 113 5 is_stmt 1 view .LVU29
 111              		.loc 1 113 40 is_stmt 0 view .LVU30
 112 0004 9A68     		ldr	r2, [r3, #8]
 113              		.loc 1 113 31 view .LVU31
 114 0006 8A60     		str	r2, [r1, #8]
 114:Middlewares/Third_Party/FreeRTOS/Source/list.c **** 
 115:Middlewares/Third_Party/FreeRTOS/Source/list.c ****     /* Only used during decision coverage testing. */
 116:Middlewares/Third_Party/FreeRTOS/Source/list.c ****     mtCOVERAGE_TEST_DELAY();
 115              		.loc 1 116 28 is_stmt 1 view .LVU32
 117:Middlewares/Third_Party/FreeRTOS/Source/list.c **** 
 118:Middlewares/Third_Party/FreeRTOS/Source/list.c ****     pxIndex->pxPrevious->pxNext = pxNewListItem;
ARM GAS  /tmp/cc7po4pe.s 			page 5


 116              		.loc 1 118 5 view .LVU33
 117              		.loc 1 118 33 is_stmt 0 view .LVU34
 118 0008 5160     		str	r1, [r2, #4]
 119:Middlewares/Third_Party/FreeRTOS/Source/list.c ****     pxIndex->pxPrevious = pxNewListItem;
 119              		.loc 1 119 5 is_stmt 1 view .LVU35
 120              		.loc 1 119 25 is_stmt 0 view .LVU36
 121 000a 9960     		str	r1, [r3, #8]
 120:Middlewares/Third_Party/FreeRTOS/Source/list.c **** 
 121:Middlewares/Third_Party/FreeRTOS/Source/list.c ****     /* Remember which list the item is in. */
 122:Middlewares/Third_Party/FreeRTOS/Source/list.c ****     pxNewListItem->pxContainer = pxList;
 122              		.loc 1 122 5 is_stmt 1 view .LVU37
 123              		.loc 1 122 32 is_stmt 0 view .LVU38
 124 000c 0861     		str	r0, [r1, #16]
 123:Middlewares/Third_Party/FreeRTOS/Source/list.c **** 
 124:Middlewares/Third_Party/FreeRTOS/Source/list.c ****     ( pxList->uxNumberOfItems )++;
 125              		.loc 1 124 5 is_stmt 1 view .LVU39
 126              		.loc 1 124 13 is_stmt 0 view .LVU40
 127 000e 0368     		ldr	r3, [r0]
 128              	.LVL4:
 129              		.loc 1 124 32 view .LVU41
 130 0010 0133     		adds	r3, r3, #1
 131 0012 0360     		str	r3, [r0]
 125:Middlewares/Third_Party/FreeRTOS/Source/list.c **** }
 132              		.loc 1 125 1 view .LVU42
 133 0014 7047     		bx	lr
 134              		.cfi_endproc
 135              	.LFE6:
 137              		.section	.text.vListInsert,"ax",%progbits
 138              		.align	1
 139              		.global	vListInsert
 140              		.syntax unified
 141              		.thumb
 142              		.thumb_func
 144              	vListInsert:
 145              	.LVL5:
 146              	.LFB7:
 126:Middlewares/Third_Party/FreeRTOS/Source/list.c **** /*-----------------------------------------------------------*/
 127:Middlewares/Third_Party/FreeRTOS/Source/list.c **** 
 128:Middlewares/Third_Party/FreeRTOS/Source/list.c **** void vListInsert( List_t * const pxList,
 129:Middlewares/Third_Party/FreeRTOS/Source/list.c ****                   ListItem_t * const pxNewListItem )
 130:Middlewares/Third_Party/FreeRTOS/Source/list.c **** {
 147              		.loc 1 130 1 is_stmt 1 view -0
 148              		.cfi_startproc
 149              		@ args = 0, pretend = 0, frame = 0
 150              		@ frame_needed = 0, uses_anonymous_args = 0
 151              		@ link register save eliminated.
 152              		.loc 1 130 1 is_stmt 0 view .LVU44
 153 0000 30B4     		push	{r4, r5}
 154              		.cfi_def_cfa_offset 8
 155              		.cfi_offset 4, -8
 156              		.cfi_offset 5, -4
 131:Middlewares/Third_Party/FreeRTOS/Source/list.c ****     ListItem_t * pxIterator;
 157              		.loc 1 131 5 is_stmt 1 view .LVU45
 132:Middlewares/Third_Party/FreeRTOS/Source/list.c ****     const TickType_t xValueOfInsertion = pxNewListItem->xItemValue;
 158              		.loc 1 132 5 view .LVU46
 159              		.loc 1 132 22 is_stmt 0 view .LVU47
 160 0002 0D68     		ldr	r5, [r1]
ARM GAS  /tmp/cc7po4pe.s 			page 6


 161              	.LVL6:
 133:Middlewares/Third_Party/FreeRTOS/Source/list.c **** 
 134:Middlewares/Third_Party/FreeRTOS/Source/list.c ****     /* Only effective when configASSERT() is also defined, these tests may catch
 135:Middlewares/Third_Party/FreeRTOS/Source/list.c ****      * the list data structures being overwritten in memory.  They will not catch
 136:Middlewares/Third_Party/FreeRTOS/Source/list.c ****      * data errors caused by incorrect configuration or use of FreeRTOS. */
 137:Middlewares/Third_Party/FreeRTOS/Source/list.c ****     listTEST_LIST_INTEGRITY( pxList );
 162              		.loc 1 137 38 is_stmt 1 view .LVU48
 138:Middlewares/Third_Party/FreeRTOS/Source/list.c ****     listTEST_LIST_ITEM_INTEGRITY( pxNewListItem );
 163              		.loc 1 138 50 view .LVU49
 139:Middlewares/Third_Party/FreeRTOS/Source/list.c **** 
 140:Middlewares/Third_Party/FreeRTOS/Source/list.c ****     /* Insert the new list item into the list, sorted in xItemValue order.
 141:Middlewares/Third_Party/FreeRTOS/Source/list.c ****      *
 142:Middlewares/Third_Party/FreeRTOS/Source/list.c ****      * If the list already contains a list item with the same item value then the
 143:Middlewares/Third_Party/FreeRTOS/Source/list.c ****      * new list item should be placed after it.  This ensures that TCBs which are
 144:Middlewares/Third_Party/FreeRTOS/Source/list.c ****      * stored in ready lists (all of which have the same xItemValue value) get a
 145:Middlewares/Third_Party/FreeRTOS/Source/list.c ****      * share of the CPU.  However, if the xItemValue is the same as the back marker
 146:Middlewares/Third_Party/FreeRTOS/Source/list.c ****      * the iteration loop below will not end.  Therefore the value is checked
 147:Middlewares/Third_Party/FreeRTOS/Source/list.c ****      * first, and the algorithm slightly modified if necessary. */
 148:Middlewares/Third_Party/FreeRTOS/Source/list.c ****     if( xValueOfInsertion == portMAX_DELAY )
 164              		.loc 1 148 5 view .LVU50
 165              		.loc 1 148 7 is_stmt 0 view .LVU51
 166 0004 B5F1FF3F 		cmp	r5, #-1
 167 0008 11D0     		beq	.L9
 149:Middlewares/Third_Party/FreeRTOS/Source/list.c ****     {
 150:Middlewares/Third_Party/FreeRTOS/Source/list.c ****         pxIterator = pxList->xListEnd.pxPrevious;
 151:Middlewares/Third_Party/FreeRTOS/Source/list.c ****     }
 152:Middlewares/Third_Party/FreeRTOS/Source/list.c ****     else
 153:Middlewares/Third_Party/FreeRTOS/Source/list.c ****     {
 154:Middlewares/Third_Party/FreeRTOS/Source/list.c ****         /* *** NOTE ***********************************************************
 155:Middlewares/Third_Party/FreeRTOS/Source/list.c ****         *  If you find your application is crashing here then likely causes are
 156:Middlewares/Third_Party/FreeRTOS/Source/list.c ****         *  listed below.  In addition see https://www.FreeRTOS.org/FAQHelp.html for
 157:Middlewares/Third_Party/FreeRTOS/Source/list.c ****         *  more tips, and ensure configASSERT() is defined!
 158:Middlewares/Third_Party/FreeRTOS/Source/list.c ****         *  https://www.FreeRTOS.org/a00110.html#configASSERT
 159:Middlewares/Third_Party/FreeRTOS/Source/list.c ****         *
 160:Middlewares/Third_Party/FreeRTOS/Source/list.c ****         *   1) Stack overflow -
 161:Middlewares/Third_Party/FreeRTOS/Source/list.c ****         *      see https://www.FreeRTOS.org/Stacks-and-stack-overflow-checking.html
 162:Middlewares/Third_Party/FreeRTOS/Source/list.c ****         *   2) Incorrect interrupt priority assignment, especially on Cortex-M
 163:Middlewares/Third_Party/FreeRTOS/Source/list.c ****         *      parts where numerically high priority values denote low actual
 164:Middlewares/Third_Party/FreeRTOS/Source/list.c ****         *      interrupt priorities, which can seem counter intuitive.  See
 165:Middlewares/Third_Party/FreeRTOS/Source/list.c ****         *      https://www.FreeRTOS.org/RTOS-Cortex-M3-M4.html and the definition
 166:Middlewares/Third_Party/FreeRTOS/Source/list.c ****         *      of configMAX_SYSCALL_INTERRUPT_PRIORITY on
 167:Middlewares/Third_Party/FreeRTOS/Source/list.c ****         *      https://www.FreeRTOS.org/a00110.html
 168:Middlewares/Third_Party/FreeRTOS/Source/list.c ****         *   3) Calling an API function from within a critical section or when
 169:Middlewares/Third_Party/FreeRTOS/Source/list.c ****         *      the scheduler is suspended, or calling an API function that does
 170:Middlewares/Third_Party/FreeRTOS/Source/list.c ****         *      not end in "FromISR" from an interrupt.
 171:Middlewares/Third_Party/FreeRTOS/Source/list.c ****         *   4) Using a queue or semaphore before it has been initialised or
 172:Middlewares/Third_Party/FreeRTOS/Source/list.c ****         *      before the scheduler has been started (are interrupts firing
 173:Middlewares/Third_Party/FreeRTOS/Source/list.c ****         *      before vTaskStartScheduler() has been called?).
 174:Middlewares/Third_Party/FreeRTOS/Source/list.c ****         *   5) If the FreeRTOS port supports interrupt nesting then ensure that
 175:Middlewares/Third_Party/FreeRTOS/Source/list.c ****         *      the priority of the tick interrupt is at or below
 176:Middlewares/Third_Party/FreeRTOS/Source/list.c ****         *      configMAX_SYSCALL_INTERRUPT_PRIORITY.
 177:Middlewares/Third_Party/FreeRTOS/Source/list.c ****         **********************************************************************/
 178:Middlewares/Third_Party/FreeRTOS/Source/list.c **** 
 179:Middlewares/Third_Party/FreeRTOS/Source/list.c ****         for( pxIterator = ( ListItem_t * ) &( pxList->xListEnd ); pxIterator->pxNext->xItemValue <=
 168              		.loc 1 179 9 is_stmt 1 view .LVU52
 169              		.loc 1 179 25 is_stmt 0 view .LVU53
 170 000a 00F10803 		add	r3, r0, #8
ARM GAS  /tmp/cc7po4pe.s 			page 7


 171              	.L7:
 172              	.LVL7:
 173              		.loc 1 179 98 is_stmt 1 discriminator 1 view .LVU54
 174 000e 1C46     		mov	r4, r3
 175              		.loc 1 179 77 is_stmt 0 discriminator 1 view .LVU55
 176 0010 5B68     		ldr	r3, [r3, #4]
 177              	.LVL8:
 178              		.loc 1 179 85 discriminator 1 view .LVU56
 179 0012 1A68     		ldr	r2, [r3]
 180              		.loc 1 179 98 discriminator 1 view .LVU57
 181 0014 AA42     		cmp	r2, r5
 182 0016 FAD9     		bls	.L7
 183              	.L6:
 180:Middlewares/Third_Party/FreeRTOS/Source/list.c ****         {
 181:Middlewares/Third_Party/FreeRTOS/Source/list.c ****             /* There is nothing to do here, just iterating to the wanted
 182:Middlewares/Third_Party/FreeRTOS/Source/list.c ****              * insertion position. */
 183:Middlewares/Third_Party/FreeRTOS/Source/list.c ****         }
 184:Middlewares/Third_Party/FreeRTOS/Source/list.c ****     }
 185:Middlewares/Third_Party/FreeRTOS/Source/list.c **** 
 186:Middlewares/Third_Party/FreeRTOS/Source/list.c ****     pxNewListItem->pxNext = pxIterator->pxNext;
 184              		.loc 1 186 5 is_stmt 1 view .LVU58
 185              		.loc 1 186 39 is_stmt 0 view .LVU59
 186 0018 6368     		ldr	r3, [r4, #4]
 187              		.loc 1 186 27 view .LVU60
 188 001a 4B60     		str	r3, [r1, #4]
 187:Middlewares/Third_Party/FreeRTOS/Source/list.c ****     pxNewListItem->pxNext->pxPrevious = pxNewListItem;
 189              		.loc 1 187 5 is_stmt 1 view .LVU61
 190              		.loc 1 187 39 is_stmt 0 view .LVU62
 191 001c 9960     		str	r1, [r3, #8]
 188:Middlewares/Third_Party/FreeRTOS/Source/list.c ****     pxNewListItem->pxPrevious = pxIterator;
 192              		.loc 1 188 5 is_stmt 1 view .LVU63
 193              		.loc 1 188 31 is_stmt 0 view .LVU64
 194 001e 8C60     		str	r4, [r1, #8]
 189:Middlewares/Third_Party/FreeRTOS/Source/list.c ****     pxIterator->pxNext = pxNewListItem;
 195              		.loc 1 189 5 is_stmt 1 view .LVU65
 196              		.loc 1 189 24 is_stmt 0 view .LVU66
 197 0020 6160     		str	r1, [r4, #4]
 190:Middlewares/Third_Party/FreeRTOS/Source/list.c **** 
 191:Middlewares/Third_Party/FreeRTOS/Source/list.c ****     /* Remember which list the item is in.  This allows fast removal of the
 192:Middlewares/Third_Party/FreeRTOS/Source/list.c ****      * item later. */
 193:Middlewares/Third_Party/FreeRTOS/Source/list.c ****     pxNewListItem->pxContainer = pxList;
 198              		.loc 1 193 5 is_stmt 1 view .LVU67
 199              		.loc 1 193 32 is_stmt 0 view .LVU68
 200 0022 0861     		str	r0, [r1, #16]
 194:Middlewares/Third_Party/FreeRTOS/Source/list.c **** 
 195:Middlewares/Third_Party/FreeRTOS/Source/list.c ****     ( pxList->uxNumberOfItems )++;
 201              		.loc 1 195 5 is_stmt 1 view .LVU69
 202              		.loc 1 195 13 is_stmt 0 view .LVU70
 203 0024 0368     		ldr	r3, [r0]
 204              		.loc 1 195 32 view .LVU71
 205 0026 0133     		adds	r3, r3, #1
 206 0028 0360     		str	r3, [r0]
 196:Middlewares/Third_Party/FreeRTOS/Source/list.c **** }
 207              		.loc 1 196 1 view .LVU72
 208 002a 30BC     		pop	{r4, r5}
 209              		.cfi_remember_state
 210              		.cfi_restore 5
ARM GAS  /tmp/cc7po4pe.s 			page 8


 211              		.cfi_restore 4
 212              		.cfi_def_cfa_offset 0
 213              	.LVL9:
 214              		.loc 1 196 1 view .LVU73
 215 002c 7047     		bx	lr
 216              	.LVL10:
 217              	.L9:
 218              		.cfi_restore_state
 150:Middlewares/Third_Party/FreeRTOS/Source/list.c ****     }
 219              		.loc 1 150 9 is_stmt 1 view .LVU74
 150:Middlewares/Third_Party/FreeRTOS/Source/list.c ****     }
 220              		.loc 1 150 20 is_stmt 0 view .LVU75
 221 002e 0469     		ldr	r4, [r0, #16]
 222              	.LVL11:
 150:Middlewares/Third_Party/FreeRTOS/Source/list.c ****     }
 223              		.loc 1 150 20 view .LVU76
 224 0030 F2E7     		b	.L6
 225              		.cfi_endproc
 226              	.LFE7:
 228              		.section	.text.uxListRemove,"ax",%progbits
 229              		.align	1
 230              		.global	uxListRemove
 231              		.syntax unified
 232              		.thumb
 233              		.thumb_func
 235              	uxListRemove:
 236              	.LVL12:
 237              	.LFB8:
 197:Middlewares/Third_Party/FreeRTOS/Source/list.c **** /*-----------------------------------------------------------*/
 198:Middlewares/Third_Party/FreeRTOS/Source/list.c **** 
 199:Middlewares/Third_Party/FreeRTOS/Source/list.c **** UBaseType_t uxListRemove( ListItem_t * const pxItemToRemove )
 200:Middlewares/Third_Party/FreeRTOS/Source/list.c **** {
 238              		.loc 1 200 1 is_stmt 1 view -0
 239              		.cfi_startproc
 240              		@ args = 0, pretend = 0, frame = 0
 241              		@ frame_needed = 0, uses_anonymous_args = 0
 242              		@ link register save eliminated.
 201:Middlewares/Third_Party/FreeRTOS/Source/list.c **** /* The list item knows which list it is in.  Obtain the list from the list
 202:Middlewares/Third_Party/FreeRTOS/Source/list.c ****  * item. */
 203:Middlewares/Third_Party/FreeRTOS/Source/list.c ****     List_t * const pxList = pxItemToRemove->pxContainer;
 243              		.loc 1 203 5 view .LVU78
 244              		.loc 1 203 20 is_stmt 0 view .LVU79
 245 0000 0369     		ldr	r3, [r0, #16]
 246              	.LVL13:
 204:Middlewares/Third_Party/FreeRTOS/Source/list.c **** 
 205:Middlewares/Third_Party/FreeRTOS/Source/list.c ****     pxItemToRemove->pxNext->pxPrevious = pxItemToRemove->pxPrevious;
 247              		.loc 1 205 5 is_stmt 1 view .LVU80
 248              		.loc 1 205 19 is_stmt 0 view .LVU81
 249 0002 4168     		ldr	r1, [r0, #4]
 250              		.loc 1 205 56 view .LVU82
 251 0004 8268     		ldr	r2, [r0, #8]
 252              		.loc 1 205 40 view .LVU83
 253 0006 8A60     		str	r2, [r1, #8]
 206:Middlewares/Third_Party/FreeRTOS/Source/list.c ****     pxItemToRemove->pxPrevious->pxNext = pxItemToRemove->pxNext;
 254              		.loc 1 206 5 is_stmt 1 view .LVU84
 255              		.loc 1 206 56 is_stmt 0 view .LVU85
 256 0008 4168     		ldr	r1, [r0, #4]
ARM GAS  /tmp/cc7po4pe.s 			page 9


 257              		.loc 1 206 40 view .LVU86
 258 000a 5160     		str	r1, [r2, #4]
 207:Middlewares/Third_Party/FreeRTOS/Source/list.c **** 
 208:Middlewares/Third_Party/FreeRTOS/Source/list.c ****     /* Only used during decision coverage testing. */
 209:Middlewares/Third_Party/FreeRTOS/Source/list.c ****     mtCOVERAGE_TEST_DELAY();
 259              		.loc 1 209 28 is_stmt 1 view .LVU87
 210:Middlewares/Third_Party/FreeRTOS/Source/list.c **** 
 211:Middlewares/Third_Party/FreeRTOS/Source/list.c ****     /* Make sure the index is left pointing to a valid item. */
 212:Middlewares/Third_Party/FreeRTOS/Source/list.c ****     if( pxList->pxIndex == pxItemToRemove )
 260              		.loc 1 212 5 view .LVU88
 261              		.loc 1 212 15 is_stmt 0 view .LVU89
 262 000c 5A68     		ldr	r2, [r3, #4]
 263              		.loc 1 212 7 view .LVU90
 264 000e 8242     		cmp	r2, r0
 265 0010 06D0     		beq	.L12
 266              	.L11:
 213:Middlewares/Third_Party/FreeRTOS/Source/list.c ****     {
 214:Middlewares/Third_Party/FreeRTOS/Source/list.c ****         pxList->pxIndex = pxItemToRemove->pxPrevious;
 215:Middlewares/Third_Party/FreeRTOS/Source/list.c ****     }
 216:Middlewares/Third_Party/FreeRTOS/Source/list.c ****     else
 217:Middlewares/Third_Party/FreeRTOS/Source/list.c ****     {
 218:Middlewares/Third_Party/FreeRTOS/Source/list.c ****         mtCOVERAGE_TEST_MARKER();
 267              		.loc 1 218 33 is_stmt 1 view .LVU91
 219:Middlewares/Third_Party/FreeRTOS/Source/list.c ****     }
 220:Middlewares/Third_Party/FreeRTOS/Source/list.c **** 
 221:Middlewares/Third_Party/FreeRTOS/Source/list.c ****     pxItemToRemove->pxContainer = NULL;
 268              		.loc 1 221 5 view .LVU92
 269              		.loc 1 221 33 is_stmt 0 view .LVU93
 270 0012 0022     		movs	r2, #0
 271 0014 0261     		str	r2, [r0, #16]
 222:Middlewares/Third_Party/FreeRTOS/Source/list.c ****     ( pxList->uxNumberOfItems )--;
 272              		.loc 1 222 5 is_stmt 1 view .LVU94
 273              		.loc 1 222 13 is_stmt 0 view .LVU95
 274 0016 1A68     		ldr	r2, [r3]
 275              		.loc 1 222 32 view .LVU96
 276 0018 013A     		subs	r2, r2, #1
 277 001a 1A60     		str	r2, [r3]
 223:Middlewares/Third_Party/FreeRTOS/Source/list.c **** 
 224:Middlewares/Third_Party/FreeRTOS/Source/list.c ****     return pxList->uxNumberOfItems;
 278              		.loc 1 224 5 is_stmt 1 view .LVU97
 279              		.loc 1 224 18 is_stmt 0 view .LVU98
 280 001c 1868     		ldr	r0, [r3]
 281              	.LVL14:
 225:Middlewares/Third_Party/FreeRTOS/Source/list.c **** }
 282              		.loc 1 225 1 view .LVU99
 283 001e 7047     		bx	lr
 284              	.LVL15:
 285              	.L12:
 214:Middlewares/Third_Party/FreeRTOS/Source/list.c ****     }
 286              		.loc 1 214 9 is_stmt 1 view .LVU100
 214:Middlewares/Third_Party/FreeRTOS/Source/list.c ****     }
 287              		.loc 1 214 41 is_stmt 0 view .LVU101
 288 0020 8268     		ldr	r2, [r0, #8]
 214:Middlewares/Third_Party/FreeRTOS/Source/list.c ****     }
 289              		.loc 1 214 25 view .LVU102
 290 0022 5A60     		str	r2, [r3, #4]
 291 0024 F5E7     		b	.L11
ARM GAS  /tmp/cc7po4pe.s 			page 10


 292              		.cfi_endproc
 293              	.LFE8:
 295              		.text
 296              	.Letext0:
 297              		.file 2 "/home/zgsdlv/.arduino15/packages/STMicroelectronics/tools/xpack-arm-none-eabi-gcc/14.2.1-
 298              		.file 3 "/home/zgsdlv/.arduino15/packages/STMicroelectronics/tools/xpack-arm-none-eabi-gcc/14.2.1-
 299              		.file 4 "Middlewares/Third_Party/FreeRTOS/Source/portable/GCC/ARM_CM3/portmacro.h"
 300              		.file 5 "Middlewares/Third_Party/FreeRTOS/Source/include/list.h"
ARM GAS  /tmp/cc7po4pe.s 			page 11


DEFINED SYMBOLS
                            *ABS*:00000000 list.c
     /tmp/cc7po4pe.s:19     .text.vListInitialise:00000000 $t
     /tmp/cc7po4pe.s:25     .text.vListInitialise:00000000 vListInitialise
     /tmp/cc7po4pe.s:61     .text.vListInitialiseItem:00000000 $t
     /tmp/cc7po4pe.s:67     .text.vListInitialiseItem:00000000 vListInitialiseItem
     /tmp/cc7po4pe.s:87     .text.vListInsertEnd:00000000 $t
     /tmp/cc7po4pe.s:93     .text.vListInsertEnd:00000000 vListInsertEnd
     /tmp/cc7po4pe.s:138    .text.vListInsert:00000000 $t
     /tmp/cc7po4pe.s:144    .text.vListInsert:00000000 vListInsert
     /tmp/cc7po4pe.s:229    .text.uxListRemove:00000000 $t
     /tmp/cc7po4pe.s:235    .text.uxListRemove:00000000 uxListRemove

NO UNDEFINED SYMBOLS
