ARM GAS  /tmp/ccbmERzI.s 			page 1


   1              		.cpu cortex-m4
   2              		.arch armv7e-m
   3              		.fpu softvfp
   4              		.eabi_attribute 20, 1
   5              		.eabi_attribute 21, 1
   6              		.eabi_attribute 23, 3
   7              		.eabi_attribute 24, 1
   8              		.eabi_attribute 25, 1
   9              		.eabi_attribute 26, 1
  10              		.eabi_attribute 30, 1
  11              		.eabi_attribute 34, 1
  12              		.eabi_attribute 18, 4
  13              		.file	"radio_board_if.c"
  14              		.text
  15              	.Ltext0:
  16              		.cfi_sections	.debug_frame
  17              		.file 1 "SubGHz_Phy/Target/radio_board_if.c"
  18              		.section	.text.RBI_Init,"ax",%progbits
  19              		.align	1
  20              		.global	RBI_Init
  21              		.syntax unified
  22              		.thumb
  23              		.thumb_func
  25              	RBI_Init:
  26              	.LFB869:
   1:SubGHz_Phy/Target/radio_board_if.c **** /* USER CODE BEGIN Header */
   2:SubGHz_Phy/Target/radio_board_if.c **** /**
   3:SubGHz_Phy/Target/radio_board_if.c ****   ******************************************************************************
   4:SubGHz_Phy/Target/radio_board_if.c ****   * @file    radio_board_if.c
   5:SubGHz_Phy/Target/radio_board_if.c ****   * @author  MCD Application Team
   6:SubGHz_Phy/Target/radio_board_if.c ****   * @brief   This file provides an interface layer between MW and Radio Board
   7:SubGHz_Phy/Target/radio_board_if.c ****   ******************************************************************************
   8:SubGHz_Phy/Target/radio_board_if.c ****   * @attention
   9:SubGHz_Phy/Target/radio_board_if.c ****   *
  10:SubGHz_Phy/Target/radio_board_if.c ****   * Copyright (c) 2026 STMicroelectronics.
  11:SubGHz_Phy/Target/radio_board_if.c ****   * All rights reserved.
  12:SubGHz_Phy/Target/radio_board_if.c ****   *
  13:SubGHz_Phy/Target/radio_board_if.c ****   * This software is licensed under terms that can be found in the LICENSE file
  14:SubGHz_Phy/Target/radio_board_if.c ****   * in the root directory of this software component.
  15:SubGHz_Phy/Target/radio_board_if.c ****   * If no LICENSE file comes with this software, it is provided AS-IS.
  16:SubGHz_Phy/Target/radio_board_if.c ****   *
  17:SubGHz_Phy/Target/radio_board_if.c ****   ******************************************************************************
  18:SubGHz_Phy/Target/radio_board_if.c ****   */
  19:SubGHz_Phy/Target/radio_board_if.c **** /* USER CODE END Header */
  20:SubGHz_Phy/Target/radio_board_if.c **** 
  21:SubGHz_Phy/Target/radio_board_if.c **** /* Includes ------------------------------------------------------------------*/
  22:SubGHz_Phy/Target/radio_board_if.c **** #include "radio_board_if.h"
  23:SubGHz_Phy/Target/radio_board_if.c **** 
  24:SubGHz_Phy/Target/radio_board_if.c **** /* USER CODE BEGIN Includes */
  25:SubGHz_Phy/Target/radio_board_if.c **** 
  26:SubGHz_Phy/Target/radio_board_if.c **** /* USER CODE END Includes */
  27:SubGHz_Phy/Target/radio_board_if.c **** 
  28:SubGHz_Phy/Target/radio_board_if.c **** /* External variables ---------------------------------------------------------*/
  29:SubGHz_Phy/Target/radio_board_if.c **** /* USER CODE BEGIN EV */
  30:SubGHz_Phy/Target/radio_board_if.c **** 
  31:SubGHz_Phy/Target/radio_board_if.c **** /* USER CODE END EV */
  32:SubGHz_Phy/Target/radio_board_if.c **** 
ARM GAS  /tmp/ccbmERzI.s 			page 2


  33:SubGHz_Phy/Target/radio_board_if.c **** /* Private typedef -----------------------------------------------------------*/
  34:SubGHz_Phy/Target/radio_board_if.c **** /* USER CODE BEGIN PTD */
  35:SubGHz_Phy/Target/radio_board_if.c **** 
  36:SubGHz_Phy/Target/radio_board_if.c **** /* USER CODE END PTD */
  37:SubGHz_Phy/Target/radio_board_if.c **** 
  38:SubGHz_Phy/Target/radio_board_if.c **** /* Private define ------------------------------------------------------------*/
  39:SubGHz_Phy/Target/radio_board_if.c **** /* USER CODE BEGIN PD */
  40:SubGHz_Phy/Target/radio_board_if.c **** 
  41:SubGHz_Phy/Target/radio_board_if.c **** /* USER CODE END PD */
  42:SubGHz_Phy/Target/radio_board_if.c **** 
  43:SubGHz_Phy/Target/radio_board_if.c **** /* Private macro -------------------------------------------------------------*/
  44:SubGHz_Phy/Target/radio_board_if.c **** /* USER CODE BEGIN PM */
  45:SubGHz_Phy/Target/radio_board_if.c **** 
  46:SubGHz_Phy/Target/radio_board_if.c **** /* USER CODE END PM */
  47:SubGHz_Phy/Target/radio_board_if.c **** 
  48:SubGHz_Phy/Target/radio_board_if.c **** /* Private variables ---------------------------------------------------------*/
  49:SubGHz_Phy/Target/radio_board_if.c **** /* USER CODE BEGIN PV */
  50:SubGHz_Phy/Target/radio_board_if.c **** 
  51:SubGHz_Phy/Target/radio_board_if.c **** /* USER CODE END PV */
  52:SubGHz_Phy/Target/radio_board_if.c **** 
  53:SubGHz_Phy/Target/radio_board_if.c **** /* Private function prototypes -----------------------------------------------*/
  54:SubGHz_Phy/Target/radio_board_if.c **** /* USER CODE BEGIN PFP */
  55:SubGHz_Phy/Target/radio_board_if.c **** 
  56:SubGHz_Phy/Target/radio_board_if.c **** /* USER CODE END PFP */
  57:SubGHz_Phy/Target/radio_board_if.c **** 
  58:SubGHz_Phy/Target/radio_board_if.c **** /* Exported functions --------------------------------------------------------*/
  59:SubGHz_Phy/Target/radio_board_if.c **** int32_t RBI_Init(void)
  60:SubGHz_Phy/Target/radio_board_if.c **** {
  27              		.loc 1 60 1 view -0
  28              		.cfi_startproc
  29              		@ args = 0, pretend = 0, frame = 0
  30              		@ frame_needed = 0, uses_anonymous_args = 0
  31              		@ link register save eliminated.
  61:SubGHz_Phy/Target/radio_board_if.c ****   /* USER CODE BEGIN RBI_Init_1 */
  62:SubGHz_Phy/Target/radio_board_if.c **** 
  63:SubGHz_Phy/Target/radio_board_if.c ****   /* USER CODE END RBI_Init_1 */
  64:SubGHz_Phy/Target/radio_board_if.c **** #if defined(USE_BSP_DRIVER)
  65:SubGHz_Phy/Target/radio_board_if.c ****   /* Important note: BSP code is board dependent
  66:SubGHz_Phy/Target/radio_board_if.c ****    * STM32WL_Nucleo code can be found
  67:SubGHz_Phy/Target/radio_board_if.c ****    *       either in STM32CubeWL package under Drivers/BSP/STM32WLxx_Nucleo/
  68:SubGHz_Phy/Target/radio_board_if.c ****    *       or at https://github.com/STMicroelectronics/STM32CubeWL/tree/main/Drivers/BSP/STM32WLxx_
  69:SubGHz_Phy/Target/radio_board_if.c ****    * 1/ For User boards, the BSP/STM32WLxx_Nucleo/ directory can be copied and replaced in the proj
  70:SubGHz_Phy/Target/radio_board_if.c ****    *       on board RF switch configuration (pin control, number of port etc)
  71:SubGHz_Phy/Target/radio_board_if.c ****    *       on TCXO configuration
  72:SubGHz_Phy/Target/radio_board_if.c ****    *       on DC/DC configuration
  73:SubGHz_Phy/Target/radio_board_if.c ****    *       on maximum output power that the board can deliver*/
  74:SubGHz_Phy/Target/radio_board_if.c ****   return BSP_RADIO_Init();
  75:SubGHz_Phy/Target/radio_board_if.c **** #else
  76:SubGHz_Phy/Target/radio_board_if.c ****   /* 2/ Or implement RBI_Init here */
  77:SubGHz_Phy/Target/radio_board_if.c ****   int32_t retcode = 0;
  32              		.loc 1 77 3 view .LVU1
  33              	.LVL0:
  78:SubGHz_Phy/Target/radio_board_if.c ****   /* USER CODE BEGIN RBI_Init_2 */
  79:SubGHz_Phy/Target/radio_board_if.c **** #warning user to provide its board code or to call his board driver functions
  80:SubGHz_Phy/Target/radio_board_if.c ****   /* USER CODE END RBI_Init_2 */
  81:SubGHz_Phy/Target/radio_board_if.c ****   return retcode;
  34              		.loc 1 81 3 view .LVU2
ARM GAS  /tmp/ccbmERzI.s 			page 3


  82:SubGHz_Phy/Target/radio_board_if.c **** #endif  /* USE_BSP_DRIVER  */
  83:SubGHz_Phy/Target/radio_board_if.c **** }
  35              		.loc 1 83 1 is_stmt 0 view .LVU3
  36 0000 0020     		movs	r0, #0
  37 0002 7047     		bx	lr
  38              		.cfi_endproc
  39              	.LFE869:
  41              		.section	.text.RBI_DeInit,"ax",%progbits
  42              		.align	1
  43              		.global	RBI_DeInit
  44              		.syntax unified
  45              		.thumb
  46              		.thumb_func
  48              	RBI_DeInit:
  49              	.LFB870:
  84:SubGHz_Phy/Target/radio_board_if.c **** 
  85:SubGHz_Phy/Target/radio_board_if.c **** int32_t RBI_DeInit(void)
  86:SubGHz_Phy/Target/radio_board_if.c **** {
  50              		.loc 1 86 1 is_stmt 1 view -0
  51              		.cfi_startproc
  52              		@ args = 0, pretend = 0, frame = 0
  53              		@ frame_needed = 0, uses_anonymous_args = 0
  54              		@ link register save eliminated.
  87:SubGHz_Phy/Target/radio_board_if.c ****   /* USER CODE BEGIN RBI_DeInit_1 */
  88:SubGHz_Phy/Target/radio_board_if.c **** 
  89:SubGHz_Phy/Target/radio_board_if.c ****   /* USER CODE END RBI_DeInit_1 */
  90:SubGHz_Phy/Target/radio_board_if.c **** #if defined(USE_BSP_DRIVER)
  91:SubGHz_Phy/Target/radio_board_if.c ****   /* Important note: BSP code is board dependent
  92:SubGHz_Phy/Target/radio_board_if.c ****    * STM32WL_Nucleo code can be found
  93:SubGHz_Phy/Target/radio_board_if.c ****    *       either in STM32CubeWL package under Drivers/BSP/STM32WLxx_Nucleo/
  94:SubGHz_Phy/Target/radio_board_if.c ****    *       or at https://github.com/STMicroelectronics/STM32CubeWL/tree/main/Drivers/BSP/STM32WLxx_
  95:SubGHz_Phy/Target/radio_board_if.c ****    * 1/ For User boards, the BSP/STM32WLxx_Nucleo/ directory can be copied and replaced in the proj
  96:SubGHz_Phy/Target/radio_board_if.c ****    *       on board RF switch configuration (pin control, number of port etc)
  97:SubGHz_Phy/Target/radio_board_if.c ****    *       on TCXO configuration
  98:SubGHz_Phy/Target/radio_board_if.c ****    *       on DC/DC configuration
  99:SubGHz_Phy/Target/radio_board_if.c ****    *       on maximum output power that the board can deliver*/
 100:SubGHz_Phy/Target/radio_board_if.c ****   return BSP_RADIO_DeInit();
 101:SubGHz_Phy/Target/radio_board_if.c **** #else
 102:SubGHz_Phy/Target/radio_board_if.c ****   /* 2/ Or implement RBI_DeInit here */
 103:SubGHz_Phy/Target/radio_board_if.c ****   int32_t retcode = 0;
  55              		.loc 1 103 3 view .LVU5
  56              	.LVL1:
 104:SubGHz_Phy/Target/radio_board_if.c ****   /* USER CODE BEGIN RBI_DeInit_2 */
 105:SubGHz_Phy/Target/radio_board_if.c **** #warning user to provide its board code or to call his board driver functions
 106:SubGHz_Phy/Target/radio_board_if.c ****   /* USER CODE END RBI_DeInit_2 */
 107:SubGHz_Phy/Target/radio_board_if.c ****   return retcode;
  57              		.loc 1 107 3 view .LVU6
 108:SubGHz_Phy/Target/radio_board_if.c **** #endif  /* USE_BSP_DRIVER */
 109:SubGHz_Phy/Target/radio_board_if.c **** }
  58              		.loc 1 109 1 is_stmt 0 view .LVU7
  59 0000 0020     		movs	r0, #0
  60 0002 7047     		bx	lr
  61              		.cfi_endproc
  62              	.LFE870:
  64              		.section	.text.RBI_ConfigRFSwitch,"ax",%progbits
  65              		.align	1
  66              		.global	RBI_ConfigRFSwitch
ARM GAS  /tmp/ccbmERzI.s 			page 4


  67              		.syntax unified
  68              		.thumb
  69              		.thumb_func
  71              	RBI_ConfigRFSwitch:
  72              	.LVL2:
  73              	.LFB871:
 110:SubGHz_Phy/Target/radio_board_if.c **** 
 111:SubGHz_Phy/Target/radio_board_if.c **** int32_t RBI_ConfigRFSwitch(RBI_Switch_TypeDef Config)
 112:SubGHz_Phy/Target/radio_board_if.c **** {
  74              		.loc 1 112 1 is_stmt 1 view -0
  75              		.cfi_startproc
  76              		@ args = 0, pretend = 0, frame = 0
  77              		@ frame_needed = 0, uses_anonymous_args = 0
  78              		@ link register save eliminated.
 113:SubGHz_Phy/Target/radio_board_if.c ****   /* USER CODE BEGIN RBI_ConfigRFSwitch_1 */
 114:SubGHz_Phy/Target/radio_board_if.c **** 
 115:SubGHz_Phy/Target/radio_board_if.c ****   /* USER CODE END RBI_ConfigRFSwitch_1 */
 116:SubGHz_Phy/Target/radio_board_if.c **** #if defined(USE_BSP_DRIVER)
 117:SubGHz_Phy/Target/radio_board_if.c **** 
 118:SubGHz_Phy/Target/radio_board_if.c ****   /* Important note: BSP code is board dependent
 119:SubGHz_Phy/Target/radio_board_if.c ****    * STM32WL_Nucleo code can be found
 120:SubGHz_Phy/Target/radio_board_if.c ****    *       either in STM32CubeWL package under Drivers/BSP/STM32WLxx_Nucleo/
 121:SubGHz_Phy/Target/radio_board_if.c ****    *       or at https://github.com/STMicroelectronics/STM32CubeWL/tree/main/Drivers/BSP/STM32WLxx_
 122:SubGHz_Phy/Target/radio_board_if.c ****    * 1/ For User boards, the BSP/STM32WLxx_Nucleo/ directory can be copied and replaced in the proj
 123:SubGHz_Phy/Target/radio_board_if.c ****    *       on board RF switch configuration (pin control, number of port etc)
 124:SubGHz_Phy/Target/radio_board_if.c ****    *       on TCXO configuration
 125:SubGHz_Phy/Target/radio_board_if.c ****    *       on DC/DC configuration
 126:SubGHz_Phy/Target/radio_board_if.c ****    *       on maximum output power that the board can deliver*/
 127:SubGHz_Phy/Target/radio_board_if.c ****   return BSP_RADIO_ConfigRFSwitch((BSP_RADIO_Switch_TypeDef) Config);
 128:SubGHz_Phy/Target/radio_board_if.c **** #else
 129:SubGHz_Phy/Target/radio_board_if.c ****   /* 2/ Or implement RBI_ConfigRFSwitch here */
 130:SubGHz_Phy/Target/radio_board_if.c ****   int32_t retcode = 0;
  79              		.loc 1 130 3 view .LVU9
 131:SubGHz_Phy/Target/radio_board_if.c ****   /* USER CODE BEGIN RBI_ConfigRFSwitch_2 */
 132:SubGHz_Phy/Target/radio_board_if.c **** #warning user to provide its board code or to call his board driver functions
 133:SubGHz_Phy/Target/radio_board_if.c ****   /* USER CODE END RBI_ConfigRFSwitch_2 */
 134:SubGHz_Phy/Target/radio_board_if.c ****   return retcode;
  80              		.loc 1 134 3 view .LVU10
 135:SubGHz_Phy/Target/radio_board_if.c **** #endif  /* USE_BSP_DRIVER */
 136:SubGHz_Phy/Target/radio_board_if.c **** }
  81              		.loc 1 136 1 is_stmt 0 view .LVU11
  82 0000 0020     		movs	r0, #0
  83              	.LVL3:
  84              		.loc 1 136 1 view .LVU12
  85 0002 7047     		bx	lr
  86              		.cfi_endproc
  87              	.LFE871:
  89              		.section	.text.RBI_GetTxConfig,"ax",%progbits
  90              		.align	1
  91              		.global	RBI_GetTxConfig
  92              		.syntax unified
  93              		.thumb
  94              		.thumb_func
  96              	RBI_GetTxConfig:
  97              	.LFB872:
 137:SubGHz_Phy/Target/radio_board_if.c **** 
 138:SubGHz_Phy/Target/radio_board_if.c **** int32_t RBI_GetTxConfig(void)
ARM GAS  /tmp/ccbmERzI.s 			page 5


 139:SubGHz_Phy/Target/radio_board_if.c **** {
  98              		.loc 1 139 1 is_stmt 1 view -0
  99              		.cfi_startproc
 100              		@ args = 0, pretend = 0, frame = 0
 101              		@ frame_needed = 0, uses_anonymous_args = 0
 102              		@ link register save eliminated.
 140:SubGHz_Phy/Target/radio_board_if.c ****   /* USER CODE BEGIN RBI_GetTxConfig_1 */
 141:SubGHz_Phy/Target/radio_board_if.c **** 
 142:SubGHz_Phy/Target/radio_board_if.c ****   /* USER CODE END RBI_GetTxConfig_1 */
 143:SubGHz_Phy/Target/radio_board_if.c **** #if defined(USE_BSP_DRIVER)
 144:SubGHz_Phy/Target/radio_board_if.c ****   /* Important note: BSP code is board dependent
 145:SubGHz_Phy/Target/radio_board_if.c ****    * STM32WL_Nucleo code can be found
 146:SubGHz_Phy/Target/radio_board_if.c ****    *       either in STM32CubeWL package under Drivers/BSP/STM32WLxx_Nucleo/
 147:SubGHz_Phy/Target/radio_board_if.c ****    *       or at https://github.com/STMicroelectronics/STM32CubeWL/tree/main/Drivers/BSP/STM32WLxx_
 148:SubGHz_Phy/Target/radio_board_if.c ****    * 1/ For User boards, the BSP/STM32WLxx_Nucleo/ directory can be copied and replaced in the proj
 149:SubGHz_Phy/Target/radio_board_if.c ****    *       on board RF switch configuration (pin control, number of port etc)
 150:SubGHz_Phy/Target/radio_board_if.c ****    *       on TCXO configuration
 151:SubGHz_Phy/Target/radio_board_if.c ****    *       on DC/DC configuration
 152:SubGHz_Phy/Target/radio_board_if.c ****    *       on maximum output power that the board can deliver*/
 153:SubGHz_Phy/Target/radio_board_if.c ****   return BSP_RADIO_GetTxConfig();
 154:SubGHz_Phy/Target/radio_board_if.c **** #else
 155:SubGHz_Phy/Target/radio_board_if.c ****   /* 2/ Or implement RBI_GetTxConfig here */
 156:SubGHz_Phy/Target/radio_board_if.c ****   int32_t retcode = RBI_CONF_RFO;
 103              		.loc 1 156 3 view .LVU14
 104              	.LVL4:
 157:SubGHz_Phy/Target/radio_board_if.c ****   /* USER CODE BEGIN RBI_GetTxConfig_2 */
 158:SubGHz_Phy/Target/radio_board_if.c **** #warning user to provide its board code or to call his board driver functions
 159:SubGHz_Phy/Target/radio_board_if.c ****   /* USER CODE END RBI_GetTxConfig_2 */
 160:SubGHz_Phy/Target/radio_board_if.c ****   return retcode;
 105              		.loc 1 160 3 view .LVU15
 161:SubGHz_Phy/Target/radio_board_if.c **** #endif  /* USE_BSP_DRIVER */
 162:SubGHz_Phy/Target/radio_board_if.c **** }
 106              		.loc 1 162 1 is_stmt 0 view .LVU16
 107 0000 0020     		movs	r0, #0
 108 0002 7047     		bx	lr
 109              		.cfi_endproc
 110              	.LFE872:
 112              		.section	.text.RBI_IsTCXO,"ax",%progbits
 113              		.align	1
 114              		.global	RBI_IsTCXO
 115              		.syntax unified
 116              		.thumb
 117              		.thumb_func
 119              	RBI_IsTCXO:
 120              	.LFB873:
 163:SubGHz_Phy/Target/radio_board_if.c **** 
 164:SubGHz_Phy/Target/radio_board_if.c **** int32_t RBI_IsTCXO(void)
 165:SubGHz_Phy/Target/radio_board_if.c **** {
 121              		.loc 1 165 1 is_stmt 1 view -0
 122              		.cfi_startproc
 123              		@ args = 0, pretend = 0, frame = 0
 124              		@ frame_needed = 0, uses_anonymous_args = 0
 125              		@ link register save eliminated.
 166:SubGHz_Phy/Target/radio_board_if.c ****   /* USER CODE BEGIN RBI_IsTCXO_1 */
 167:SubGHz_Phy/Target/radio_board_if.c **** 
 168:SubGHz_Phy/Target/radio_board_if.c ****   /* USER CODE END RBI_IsTCXO_1 */
 169:SubGHz_Phy/Target/radio_board_if.c **** #if defined(USE_BSP_DRIVER)
ARM GAS  /tmp/ccbmERzI.s 			page 6


 170:SubGHz_Phy/Target/radio_board_if.c ****   /* Important note: BSP code is board dependent
 171:SubGHz_Phy/Target/radio_board_if.c ****    * STM32WL_Nucleo code can be found
 172:SubGHz_Phy/Target/radio_board_if.c ****    *       either in STM32CubeWL package under Drivers/BSP/STM32WLxx_Nucleo/
 173:SubGHz_Phy/Target/radio_board_if.c ****    *       or at https://github.com/STMicroelectronics/STM32CubeWL/tree/main/Drivers/BSP/STM32WLxx_
 174:SubGHz_Phy/Target/radio_board_if.c ****    * 1/ For User boards, the BSP/STM32WLxx_Nucleo/ directory can be copied and replaced in the proj
 175:SubGHz_Phy/Target/radio_board_if.c ****    *       on board RF switch configuration (pin control, number of port etc)
 176:SubGHz_Phy/Target/radio_board_if.c ****    *       on TCXO configuration
 177:SubGHz_Phy/Target/radio_board_if.c ****    *       on DC/DC configuration
 178:SubGHz_Phy/Target/radio_board_if.c ****    *       on maximum output power that the board can deliver*/
 179:SubGHz_Phy/Target/radio_board_if.c ****   return BSP_RADIO_IsTCXO();
 180:SubGHz_Phy/Target/radio_board_if.c **** #else
 181:SubGHz_Phy/Target/radio_board_if.c ****   /* 2/ Or implement RBI_IsTCXO here */
 182:SubGHz_Phy/Target/radio_board_if.c ****   int32_t retcode = IS_TCXO_SUPPORTED;
 126              		.loc 1 182 3 view .LVU18
 127              	.LVL5:
 183:SubGHz_Phy/Target/radio_board_if.c ****   /* USER CODE BEGIN RBI_IsTCXO_2 */
 184:SubGHz_Phy/Target/radio_board_if.c **** #warning user to provide its board code or to call his board driver functions
 185:SubGHz_Phy/Target/radio_board_if.c ****   /* USER CODE END RBI_IsTCXO_2 */
 186:SubGHz_Phy/Target/radio_board_if.c ****   return retcode;
 128              		.loc 1 186 3 view .LVU19
 187:SubGHz_Phy/Target/radio_board_if.c **** #endif  /* USE_BSP_DRIVER  */
 188:SubGHz_Phy/Target/radio_board_if.c **** }
 129              		.loc 1 188 1 is_stmt 0 view .LVU20
 130 0000 0120     		movs	r0, #1
 131 0002 7047     		bx	lr
 132              		.cfi_endproc
 133              	.LFE873:
 135              		.section	.text.RBI_IsDCDC,"ax",%progbits
 136              		.align	1
 137              		.global	RBI_IsDCDC
 138              		.syntax unified
 139              		.thumb
 140              		.thumb_func
 142              	RBI_IsDCDC:
 143              	.LFB874:
 189:SubGHz_Phy/Target/radio_board_if.c **** 
 190:SubGHz_Phy/Target/radio_board_if.c **** int32_t RBI_IsDCDC(void)
 191:SubGHz_Phy/Target/radio_board_if.c **** {
 144              		.loc 1 191 1 is_stmt 1 view -0
 145              		.cfi_startproc
 146              		@ args = 0, pretend = 0, frame = 0
 147              		@ frame_needed = 0, uses_anonymous_args = 0
 148              		@ link register save eliminated.
 192:SubGHz_Phy/Target/radio_board_if.c ****   /* USER CODE BEGIN RBI_IsDCDC_1 */
 193:SubGHz_Phy/Target/radio_board_if.c **** 
 194:SubGHz_Phy/Target/radio_board_if.c ****   /* USER CODE END RBI_IsDCDC_1 */
 195:SubGHz_Phy/Target/radio_board_if.c **** #if defined(USE_BSP_DRIVER)
 196:SubGHz_Phy/Target/radio_board_if.c ****   /* Important note: BSP code is board dependent
 197:SubGHz_Phy/Target/radio_board_if.c ****    * STM32WL_Nucleo code can be found
 198:SubGHz_Phy/Target/radio_board_if.c ****    *       either in STM32CubeWL package under Drivers/BSP/STM32WLxx_Nucleo/
 199:SubGHz_Phy/Target/radio_board_if.c ****    *       or at https://github.com/STMicroelectronics/STM32CubeWL/tree/main/Drivers/BSP/STM32WLxx_
 200:SubGHz_Phy/Target/radio_board_if.c ****    * 1/ For User boards, the BSP/STM32WLxx_Nucleo/ directory can be copied and replaced in the proj
 201:SubGHz_Phy/Target/radio_board_if.c ****    *       on board RF switch configuration (pin control, number of port etc)
 202:SubGHz_Phy/Target/radio_board_if.c ****    *       on TCXO configuration
 203:SubGHz_Phy/Target/radio_board_if.c ****    *       on DC/DC configuration
 204:SubGHz_Phy/Target/radio_board_if.c ****    *       on maximum output power that the board can deliver*/
 205:SubGHz_Phy/Target/radio_board_if.c ****   return BSP_RADIO_IsDCDC();
ARM GAS  /tmp/ccbmERzI.s 			page 7


 206:SubGHz_Phy/Target/radio_board_if.c **** #else
 207:SubGHz_Phy/Target/radio_board_if.c ****   /* 2/ Or implement RBI_IsDCDC here */
 208:SubGHz_Phy/Target/radio_board_if.c ****   int32_t retcode = IS_DCDC_SUPPORTED;
 149              		.loc 1 208 3 view .LVU22
 150              	.LVL6:
 209:SubGHz_Phy/Target/radio_board_if.c ****   /* USER CODE BEGIN RBI_IsDCDC_2 */
 210:SubGHz_Phy/Target/radio_board_if.c **** #warning user to provide its board code or to call his board driver functions
 211:SubGHz_Phy/Target/radio_board_if.c ****   /* USER CODE END RBI_IsDCDC_2 */
 212:SubGHz_Phy/Target/radio_board_if.c ****   return retcode;
 151              		.loc 1 212 3 view .LVU23
 213:SubGHz_Phy/Target/radio_board_if.c **** #endif  /* USE_BSP_DRIVER  */
 214:SubGHz_Phy/Target/radio_board_if.c **** }
 152              		.loc 1 214 1 is_stmt 0 view .LVU24
 153 0000 0120     		movs	r0, #1
 154 0002 7047     		bx	lr
 155              		.cfi_endproc
 156              	.LFE874:
 158              		.section	.text.RBI_GetRFOMaxPowerConfig,"ax",%progbits
 159              		.align	1
 160              		.global	RBI_GetRFOMaxPowerConfig
 161              		.syntax unified
 162              		.thumb
 163              		.thumb_func
 165              	RBI_GetRFOMaxPowerConfig:
 166              	.LVL7:
 167              	.LFB875:
 215:SubGHz_Phy/Target/radio_board_if.c **** 
 216:SubGHz_Phy/Target/radio_board_if.c **** int32_t RBI_GetRFOMaxPowerConfig(RBI_RFOMaxPowerConfig_TypeDef Config)
 217:SubGHz_Phy/Target/radio_board_if.c **** {
 168              		.loc 1 217 1 is_stmt 1 view -0
 169              		.cfi_startproc
 170              		@ args = 0, pretend = 0, frame = 0
 171              		@ frame_needed = 0, uses_anonymous_args = 0
 172              		@ link register save eliminated.
 218:SubGHz_Phy/Target/radio_board_if.c ****   /* USER CODE BEGIN RBI_GetRFOMaxPowerConfig_1 */
 219:SubGHz_Phy/Target/radio_board_if.c **** 
 220:SubGHz_Phy/Target/radio_board_if.c ****   /* USER CODE END RBI_GetRFOMaxPowerConfig_1 */
 221:SubGHz_Phy/Target/radio_board_if.c **** #if defined(USE_BSP_DRIVER)
 222:SubGHz_Phy/Target/radio_board_if.c ****   /* Important note: BSP code is board dependent
 223:SubGHz_Phy/Target/radio_board_if.c ****    * STM32WL_Nucleo code can be found
 224:SubGHz_Phy/Target/radio_board_if.c ****    *       either in STM32CubeWL package under Drivers/BSP/STM32WLxx_Nucleo/
 225:SubGHz_Phy/Target/radio_board_if.c ****    *       or at https://github.com/STMicroelectronics/STM32CubeWL/tree/main/Drivers/BSP/STM32WLxx_
 226:SubGHz_Phy/Target/radio_board_if.c ****    * 1/ For User boards, the BSP/STM32WLxx_Nucleo/ directory can be copied and replaced in the proj
 227:SubGHz_Phy/Target/radio_board_if.c ****    *       on board RF switch configuration (pin control, number of port etc)
 228:SubGHz_Phy/Target/radio_board_if.c ****    *       on TCXO configuration
 229:SubGHz_Phy/Target/radio_board_if.c ****    *       on DC/DC configuration
 230:SubGHz_Phy/Target/radio_board_if.c ****    *       on maximum output power that the board can deliver*/
 231:SubGHz_Phy/Target/radio_board_if.c ****   return BSP_RADIO_GetRFOMaxPowerConfig((BSP_RADIO_RFOMaxPowerConfig_TypeDef) Config);
 232:SubGHz_Phy/Target/radio_board_if.c **** #else
 233:SubGHz_Phy/Target/radio_board_if.c ****   /* 2/ Or implement RBI_RBI_GetRFOMaxPowerConfig here */
 234:SubGHz_Phy/Target/radio_board_if.c ****   int32_t ret = 0;
 173              		.loc 1 234 3 view .LVU26
 235:SubGHz_Phy/Target/radio_board_if.c ****   /* USER CODE BEGIN RBI_GetRFOMaxPowerConfig_2 */
 236:SubGHz_Phy/Target/radio_board_if.c **** #warning user to provide its board code or to call his board driver functions
 237:SubGHz_Phy/Target/radio_board_if.c ****   if (Config == RBI_RFO_LP_MAXPOWER)
 174              		.loc 1 237 3 view .LVU27
 175              		.loc 1 237 6 is_stmt 0 view .LVU28
ARM GAS  /tmp/ccbmERzI.s 			page 8


 176 0000 08B9     		cbnz	r0, .L9
 238:SubGHz_Phy/Target/radio_board_if.c ****   {
 239:SubGHz_Phy/Target/radio_board_if.c ****     ret = 15; /*dBm*/
 177              		.loc 1 239 9 view .LVU29
 178 0002 0F20     		movs	r0, #15
 179              	.LVL8:
 180              		.loc 1 239 9 view .LVU30
 181 0004 7047     		bx	lr
 182              	.LVL9:
 183              	.L9:
 240:SubGHz_Phy/Target/radio_board_if.c ****   }
 241:SubGHz_Phy/Target/radio_board_if.c ****   else
 242:SubGHz_Phy/Target/radio_board_if.c ****   {
 243:SubGHz_Phy/Target/radio_board_if.c ****     ret = 22; /*dBm*/
 184              		.loc 1 243 9 view .LVU31
 185 0006 1620     		movs	r0, #22
 186              	.LVL10:
 244:SubGHz_Phy/Target/radio_board_if.c ****   }
 245:SubGHz_Phy/Target/radio_board_if.c ****   /* USER CODE END RBI_GetRFOMaxPowerConfig_2 */
 246:SubGHz_Phy/Target/radio_board_if.c ****   return ret;
 187              		.loc 1 246 3 is_stmt 1 view .LVU32
 247:SubGHz_Phy/Target/radio_board_if.c **** #endif  /* USE_BSP_DRIVER  */
 248:SubGHz_Phy/Target/radio_board_if.c **** }
 188              		.loc 1 248 1 is_stmt 0 view .LVU33
 189 0008 7047     		bx	lr
 190              		.cfi_endproc
 191              	.LFE875:
 193              		.text
 194              	.Letext0:
 195              		.file 2 "/home/zgsdlv/.arduino15/packages/STMicroelectronics/tools/xpack-arm-none-eabi-gcc/14.2.1-
 196              		.file 3 "/home/zgsdlv/.arduino15/packages/STMicroelectronics/tools/xpack-arm-none-eabi-gcc/14.2.1-
 197              		.file 4 "SubGHz_Phy/Target/radio_board_if.h"
 198              		.file 5 "Drivers/STM32WLxx_HAL_Driver/Inc/stm32wlxx_ll_dma.h"
ARM GAS  /tmp/ccbmERzI.s 			page 9


DEFINED SYMBOLS
                            *ABS*:00000000 radio_board_if.c
     /tmp/ccbmERzI.s:19     .text.RBI_Init:00000000 $t
     /tmp/ccbmERzI.s:25     .text.RBI_Init:00000000 RBI_Init
     /tmp/ccbmERzI.s:42     .text.RBI_DeInit:00000000 $t
     /tmp/ccbmERzI.s:48     .text.RBI_DeInit:00000000 RBI_DeInit
     /tmp/ccbmERzI.s:65     .text.RBI_ConfigRFSwitch:00000000 $t
     /tmp/ccbmERzI.s:71     .text.RBI_ConfigRFSwitch:00000000 RBI_ConfigRFSwitch
     /tmp/ccbmERzI.s:90     .text.RBI_GetTxConfig:00000000 $t
     /tmp/ccbmERzI.s:96     .text.RBI_GetTxConfig:00000000 RBI_GetTxConfig
     /tmp/ccbmERzI.s:113    .text.RBI_IsTCXO:00000000 $t
     /tmp/ccbmERzI.s:119    .text.RBI_IsTCXO:00000000 RBI_IsTCXO
     /tmp/ccbmERzI.s:136    .text.RBI_IsDCDC:00000000 $t
     /tmp/ccbmERzI.s:142    .text.RBI_IsDCDC:00000000 RBI_IsDCDC
     /tmp/ccbmERzI.s:159    .text.RBI_GetRFOMaxPowerConfig:00000000 $t
     /tmp/ccbmERzI.s:165    .text.RBI_GetRFOMaxPowerConfig:00000000 RBI_GetRFOMaxPowerConfig

NO UNDEFINED SYMBOLS
