ARM GAS  /tmp/ccvWKydF.s 			page 1


   1              		.cpu cortex-m4
   2              		.arch armv7e-m
   3              		.fpu softvfp
   4              		.eabi_attribute 20, 1
   5              		.eabi_attribute 21, 1
   6              		.eabi_attribute 23, 3
   7              		.eabi_attribute 24, 1
   8              		.eabi_attribute 25, 1
   9              		.eabi_attribute 26, 1
  10              		.eabi_attribute 30, 1
  11              		.eabi_attribute 34, 1
  12              		.eabi_attribute 18, 4
  13              		.file	"stm32_mem.c"
  14              		.text
  15              	.Ltext0:
  16              		.cfi_sections	.debug_frame
  17              		.file 1 "Utilities/misc/stm32_mem.c"
  18              		.section	.text.UTIL_MEM_cpy_8,"ax",%progbits
  19              		.align	1
  20              		.global	UTIL_MEM_cpy_8
  21              		.syntax unified
  22              		.thumb
  23              		.thumb_func
  25              	UTIL_MEM_cpy_8:
  26              	.LVL0:
  27              	.LFB106:
   1:Utilities/misc/stm32_mem.c **** /**
   2:Utilities/misc/stm32_mem.c ****   ******************************************************************************
   3:Utilities/misc/stm32_mem.c ****   * @file    stm32_mem.c
   4:Utilities/misc/stm32_mem.c ****   * @author  MCD Application Team
   5:Utilities/misc/stm32_mem.c ****   * @brief   standard memory operation
   6:Utilities/misc/stm32_mem.c ****   ******************************************************************************
   7:Utilities/misc/stm32_mem.c ****   * @attention
   8:Utilities/misc/stm32_mem.c ****   *
   9:Utilities/misc/stm32_mem.c ****   * Copyright (c) 2019 STMicroelectronics.
  10:Utilities/misc/stm32_mem.c ****   * All rights reserved.
  11:Utilities/misc/stm32_mem.c ****   *
  12:Utilities/misc/stm32_mem.c ****   * This software is licensed under terms that can be found in the LICENSE file
  13:Utilities/misc/stm32_mem.c ****   * in the root directory of this software component.
  14:Utilities/misc/stm32_mem.c ****   * If no LICENSE file comes with this software, it is provided AS-IS.
  15:Utilities/misc/stm32_mem.c ****   *
  16:Utilities/misc/stm32_mem.c ****   ******************************************************************************
  17:Utilities/misc/stm32_mem.c ****   */
  18:Utilities/misc/stm32_mem.c **** 
  19:Utilities/misc/stm32_mem.c **** /* Includes ------------------------------------------------------------------*/
  20:Utilities/misc/stm32_mem.c **** #include "stdint.h"
  21:Utilities/misc/stm32_mem.c **** #include "stm32_mem.h"
  22:Utilities/misc/stm32_mem.c **** 
  23:Utilities/misc/stm32_mem.c **** /* Private typedef -----------------------------------------------------------*/
  24:Utilities/misc/stm32_mem.c **** /* Private defines -----------------------------------------------------------*/
  25:Utilities/misc/stm32_mem.c **** /* Private macros ------------------------------------------------------------*/
  26:Utilities/misc/stm32_mem.c **** /* Private variables ---------------------------------------------------------*/
  27:Utilities/misc/stm32_mem.c **** /* Global variables ----------------------------------------------------------*/
  28:Utilities/misc/stm32_mem.c **** /* Private function prototypes -----------------------------------------------*/
  29:Utilities/misc/stm32_mem.c **** /* Functions Definition ------------------------------------------------------*/
  30:Utilities/misc/stm32_mem.c **** 
  31:Utilities/misc/stm32_mem.c **** void UTIL_MEM_cpy_8( void *dst, const void *src, uint16_t size )
ARM GAS  /tmp/ccvWKydF.s 			page 2


  32:Utilities/misc/stm32_mem.c **** {
  28              		.loc 1 32 1 view -0
  29              		.cfi_startproc
  30              		@ args = 0, pretend = 0, frame = 0
  31              		@ frame_needed = 0, uses_anonymous_args = 0
  32              		@ link register save eliminated.
  33:Utilities/misc/stm32_mem.c ****   uint8_t* dst8= (uint8_t *) dst;
  33              		.loc 1 33 3 view .LVU1
  34:Utilities/misc/stm32_mem.c ****   uint8_t* src8= (uint8_t *) src;
  34              		.loc 1 34 3 view .LVU2
  35:Utilities/misc/stm32_mem.c **** 
  36:Utilities/misc/stm32_mem.c ****   while( size-- )
  35              		.loc 1 36 3 view .LVU3
  36              		.loc 1 36 8 is_stmt 0 view .LVU4
  37 0000 04E0     		b	.L2
  38              	.LVL1:
  39              	.L3:
  37:Utilities/misc/stm32_mem.c ****     {
  38:Utilities/misc/stm32_mem.c ****         *dst8++ = *src8++;
  40              		.loc 1 38 9 is_stmt 1 view .LVU5
  41              		.loc 1 38 19 is_stmt 0 view .LVU6
  42 0002 11F8012B 		ldrb	r2, [r1], #1	@ zero_extendqisi2
  43              	.LVL2:
  44              		.loc 1 38 17 view .LVU7
  45 0006 00F8012B 		strb	r2, [r0], #1
  46              	.LVL3:
  36:Utilities/misc/stm32_mem.c ****     {
  47              		.loc 1 36 14 view .LVU8
  48 000a 1A46     		mov	r2, r3
  49              	.LVL4:
  50              	.L2:
  36:Utilities/misc/stm32_mem.c ****     {
  51              		.loc 1 36 10 is_stmt 1 view .LVU9
  36:Utilities/misc/stm32_mem.c ****     {
  52              		.loc 1 36 14 is_stmt 0 view .LVU10
  53 000c 531E     		subs	r3, r2, #1
  54 000e 9BB2     		uxth	r3, r3
  55              	.LVL5:
  36:Utilities/misc/stm32_mem.c ****     {
  56              		.loc 1 36 10 view .LVU11
  57 0010 002A     		cmp	r2, #0
  58 0012 F6D1     		bne	.L3
  39:Utilities/misc/stm32_mem.c ****     }
  40:Utilities/misc/stm32_mem.c **** }
  59              		.loc 1 40 1 view .LVU12
  60 0014 7047     		bx	lr
  61              		.cfi_endproc
  62              	.LFE106:
  64              		.section	.text.UTIL_MEM_cpyr_8,"ax",%progbits
  65              		.align	1
  66              		.global	UTIL_MEM_cpyr_8
  67              		.syntax unified
  68              		.thumb
  69              		.thumb_func
  71              	UTIL_MEM_cpyr_8:
  72              	.LVL6:
  73              	.LFB107:
ARM GAS  /tmp/ccvWKydF.s 			page 3


  41:Utilities/misc/stm32_mem.c **** 
  42:Utilities/misc/stm32_mem.c **** void UTIL_MEM_cpyr_8( void *dst, const void *src, uint16_t size )
  43:Utilities/misc/stm32_mem.c **** {
  74              		.loc 1 43 1 is_stmt 1 view -0
  75              		.cfi_startproc
  76              		@ args = 0, pretend = 0, frame = 0
  77              		@ frame_needed = 0, uses_anonymous_args = 0
  78              		@ link register save eliminated.
  44:Utilities/misc/stm32_mem.c ****     uint8_t* dst8= (uint8_t *) dst;
  79              		.loc 1 44 5 view .LVU14
  45:Utilities/misc/stm32_mem.c ****     uint8_t* src8= (uint8_t *) src;
  80              		.loc 1 45 5 view .LVU15
  46:Utilities/misc/stm32_mem.c **** 
  47:Utilities/misc/stm32_mem.c ****     dst8 = dst8 + ( size - 1 );
  81              		.loc 1 47 5 view .LVU16
  82              		.loc 1 47 17 is_stmt 0 view .LVU17
  83 0000 531E     		subs	r3, r2, #1
  84              		.loc 1 47 10 view .LVU18
  85 0002 1844     		add	r0, r0, r3
  86              	.LVL7:
  48:Utilities/misc/stm32_mem.c ****     while( size-- )
  87              		.loc 1 48 5 is_stmt 1 view .LVU19
  88              		.loc 1 48 10 is_stmt 0 view .LVU20
  89 0004 04E0     		b	.L5
  90              	.LVL8:
  91              	.L6:
  49:Utilities/misc/stm32_mem.c ****     {
  50:Utilities/misc/stm32_mem.c ****         *dst8-- = *src8++;
  92              		.loc 1 50 9 is_stmt 1 view .LVU21
  93              		.loc 1 50 19 is_stmt 0 view .LVU22
  94 0006 11F8012B 		ldrb	r2, [r1], #1	@ zero_extendqisi2
  95              	.LVL9:
  96              		.loc 1 50 17 view .LVU23
  97 000a 00F80129 		strb	r2, [r0], #-1
  98              	.LVL10:
  48:Utilities/misc/stm32_mem.c ****     while( size-- )
  99              		.loc 1 48 16 view .LVU24
 100 000e 1A46     		mov	r2, r3
 101              	.LVL11:
 102              	.L5:
  48:Utilities/misc/stm32_mem.c ****     while( size-- )
 103              		.loc 1 48 12 is_stmt 1 view .LVU25
  48:Utilities/misc/stm32_mem.c ****     while( size-- )
 104              		.loc 1 48 16 is_stmt 0 view .LVU26
 105 0010 531E     		subs	r3, r2, #1
 106 0012 9BB2     		uxth	r3, r3
 107              	.LVL12:
  48:Utilities/misc/stm32_mem.c ****     while( size-- )
 108              		.loc 1 48 12 view .LVU27
 109 0014 002A     		cmp	r2, #0
 110 0016 F6D1     		bne	.L6
  51:Utilities/misc/stm32_mem.c ****     }
  52:Utilities/misc/stm32_mem.c **** }
 111              		.loc 1 52 1 view .LVU28
 112 0018 7047     		bx	lr
 113              		.cfi_endproc
 114              	.LFE107:
ARM GAS  /tmp/ccvWKydF.s 			page 4


 116              		.section	.text.UTIL_MEM_set_8,"ax",%progbits
 117              		.align	1
 118              		.global	UTIL_MEM_set_8
 119              		.syntax unified
 120              		.thumb
 121              		.thumb_func
 123              	UTIL_MEM_set_8:
 124              	.LVL13:
 125              	.LFB108:
  53:Utilities/misc/stm32_mem.c **** 
  54:Utilities/misc/stm32_mem.c **** void UTIL_MEM_set_8( void *dst, uint8_t value, uint16_t size )
  55:Utilities/misc/stm32_mem.c **** {
 126              		.loc 1 55 1 is_stmt 1 view -0
 127              		.cfi_startproc
 128              		@ args = 0, pretend = 0, frame = 0
 129              		@ frame_needed = 0, uses_anonymous_args = 0
 130              		@ link register save eliminated.
  56:Utilities/misc/stm32_mem.c ****   uint8_t* dst8= (uint8_t *) dst;
 131              		.loc 1 56 3 view .LVU30
  57:Utilities/misc/stm32_mem.c ****   while( size-- )
 132              		.loc 1 57 3 view .LVU31
 133              		.loc 1 57 8 is_stmt 0 view .LVU32
 134 0000 02E0     		b	.L8
 135              	.LVL14:
 136              	.L9:
  58:Utilities/misc/stm32_mem.c ****   {
  59:Utilities/misc/stm32_mem.c ****     *dst8++ = value;
 137              		.loc 1 59 5 is_stmt 1 view .LVU33
 138              		.loc 1 59 13 is_stmt 0 view .LVU34
 139 0002 00F8011B 		strb	r1, [r0], #1
 140              	.LVL15:
  57:Utilities/misc/stm32_mem.c ****   while( size-- )
 141              		.loc 1 57 14 view .LVU35
 142 0006 1A46     		mov	r2, r3
 143              	.LVL16:
 144              	.L8:
  57:Utilities/misc/stm32_mem.c ****   while( size-- )
 145              		.loc 1 57 10 is_stmt 1 view .LVU36
  57:Utilities/misc/stm32_mem.c ****   while( size-- )
 146              		.loc 1 57 14 is_stmt 0 view .LVU37
 147 0008 531E     		subs	r3, r2, #1
 148 000a 9BB2     		uxth	r3, r3
 149              	.LVL17:
  57:Utilities/misc/stm32_mem.c ****   while( size-- )
 150              		.loc 1 57 10 view .LVU38
 151 000c 002A     		cmp	r2, #0
 152 000e F8D1     		bne	.L9
  60:Utilities/misc/stm32_mem.c ****   }
  61:Utilities/misc/stm32_mem.c **** }
 153              		.loc 1 61 1 view .LVU39
 154 0010 7047     		bx	lr
 155              		.cfi_endproc
 156              	.LFE108:
 158              		.text
 159              	.Letext0:
 160              		.file 2 "/home/zgsdlv/.arduino15/packages/STMicroelectronics/tools/xpack-arm-none-eabi-gcc/14.2.1-
 161              		.file 3 "/home/zgsdlv/.arduino15/packages/STMicroelectronics/tools/xpack-arm-none-eabi-gcc/14.2.1-
ARM GAS  /tmp/ccvWKydF.s 			page 5


ARM GAS  /tmp/ccvWKydF.s 			page 6


DEFINED SYMBOLS
                            *ABS*:00000000 stm32_mem.c
     /tmp/ccvWKydF.s:19     .text.UTIL_MEM_cpy_8:00000000 $t
     /tmp/ccvWKydF.s:25     .text.UTIL_MEM_cpy_8:00000000 UTIL_MEM_cpy_8
     /tmp/ccvWKydF.s:65     .text.UTIL_MEM_cpyr_8:00000000 $t
     /tmp/ccvWKydF.s:71     .text.UTIL_MEM_cpyr_8:00000000 UTIL_MEM_cpyr_8
     /tmp/ccvWKydF.s:117    .text.UTIL_MEM_set_8:00000000 $t
     /tmp/ccvWKydF.s:123    .text.UTIL_MEM_set_8:00000000 UTIL_MEM_set_8

NO UNDEFINED SYMBOLS
