ARM GAS  /tmp/cccdCMVd.s 			page 1


   1              		.cpu cortex-m4
   2              		.arch armv7e-m
   3              		.fpu softvfp
   4              		.eabi_attribute 20, 1
   5              		.eabi_attribute 21, 1
   6              		.eabi_attribute 23, 3
   7              		.eabi_attribute 24, 1
   8              		.eabi_attribute 25, 1
   9              		.eabi_attribute 26, 1
  10              		.eabi_attribute 30, 1
  11              		.eabi_attribute 34, 1
  12              		.eabi_attribute 18, 4
  13              		.file	"subghz_phy_app.c"
  14              		.text
  15              	.Ltext0:
  16              		.cfi_sections	.debug_frame
  17              		.file 1 "SubGHz_Phy/App/subghz_phy_app.c"
  18              		.section	.text.OnTxDone,"ax",%progbits
  19              		.align	1
  20              		.syntax unified
  21              		.thumb
  22              		.thumb_func
  24              	OnTxDone:
  25              	.LFB870:
   1:SubGHz_Phy/App/subghz_phy_app.c **** /* USER CODE BEGIN Header */
   2:SubGHz_Phy/App/subghz_phy_app.c **** /**
   3:SubGHz_Phy/App/subghz_phy_app.c ****   ******************************************************************************
   4:SubGHz_Phy/App/subghz_phy_app.c ****   * @file    subghz_phy_app.c
   5:SubGHz_Phy/App/subghz_phy_app.c ****   * @author  MCD Application Team
   6:SubGHz_Phy/App/subghz_phy_app.c ****   * @brief   Application of the SubGHz_Phy Middleware
   7:SubGHz_Phy/App/subghz_phy_app.c ****   ******************************************************************************
   8:SubGHz_Phy/App/subghz_phy_app.c ****   * @attention
   9:SubGHz_Phy/App/subghz_phy_app.c ****   *
  10:SubGHz_Phy/App/subghz_phy_app.c ****   * Copyright (c) 2026 STMicroelectronics.
  11:SubGHz_Phy/App/subghz_phy_app.c ****   * All rights reserved.
  12:SubGHz_Phy/App/subghz_phy_app.c ****   *
  13:SubGHz_Phy/App/subghz_phy_app.c ****   * This software is licensed under terms that can be found in the LICENSE file
  14:SubGHz_Phy/App/subghz_phy_app.c ****   * in the root directory of this software component.
  15:SubGHz_Phy/App/subghz_phy_app.c ****   * If no LICENSE file comes with this software, it is provided AS-IS.
  16:SubGHz_Phy/App/subghz_phy_app.c ****   *
  17:SubGHz_Phy/App/subghz_phy_app.c ****   ******************************************************************************
  18:SubGHz_Phy/App/subghz_phy_app.c ****   */
  19:SubGHz_Phy/App/subghz_phy_app.c **** /* USER CODE END Header */
  20:SubGHz_Phy/App/subghz_phy_app.c **** 
  21:SubGHz_Phy/App/subghz_phy_app.c **** /* Includes ------------------------------------------------------------------*/
  22:SubGHz_Phy/App/subghz_phy_app.c **** #include "platform.h"
  23:SubGHz_Phy/App/subghz_phy_app.c **** #include "sys_app.h"
  24:SubGHz_Phy/App/subghz_phy_app.c **** #include "subghz_phy_app.h"
  25:SubGHz_Phy/App/subghz_phy_app.c **** #include "radio.h"
  26:SubGHz_Phy/App/subghz_phy_app.c **** #include "cmsis_os.h"
  27:SubGHz_Phy/App/subghz_phy_app.c **** 
  28:SubGHz_Phy/App/subghz_phy_app.c **** /* USER CODE BEGIN Includes */
  29:SubGHz_Phy/App/subghz_phy_app.c **** 
  30:SubGHz_Phy/App/subghz_phy_app.c **** /* USER CODE END Includes */
  31:SubGHz_Phy/App/subghz_phy_app.c **** 
  32:SubGHz_Phy/App/subghz_phy_app.c **** /* External variables ---------------------------------------------------------*/
  33:SubGHz_Phy/App/subghz_phy_app.c **** /* USER CODE BEGIN EV */
ARM GAS  /tmp/cccdCMVd.s 			page 2


  34:SubGHz_Phy/App/subghz_phy_app.c **** 
  35:SubGHz_Phy/App/subghz_phy_app.c **** /* USER CODE END EV */
  36:SubGHz_Phy/App/subghz_phy_app.c **** 
  37:SubGHz_Phy/App/subghz_phy_app.c **** /* Private typedef -----------------------------------------------------------*/
  38:SubGHz_Phy/App/subghz_phy_app.c **** /* USER CODE BEGIN PTD */
  39:SubGHz_Phy/App/subghz_phy_app.c **** 
  40:SubGHz_Phy/App/subghz_phy_app.c **** /* USER CODE END PTD */
  41:SubGHz_Phy/App/subghz_phy_app.c **** 
  42:SubGHz_Phy/App/subghz_phy_app.c **** /* Private define ------------------------------------------------------------*/
  43:SubGHz_Phy/App/subghz_phy_app.c **** /* USER CODE BEGIN PD */
  44:SubGHz_Phy/App/subghz_phy_app.c **** 
  45:SubGHz_Phy/App/subghz_phy_app.c **** /* USER CODE END PD */
  46:SubGHz_Phy/App/subghz_phy_app.c **** 
  47:SubGHz_Phy/App/subghz_phy_app.c **** /* Private macro -------------------------------------------------------------*/
  48:SubGHz_Phy/App/subghz_phy_app.c **** /* USER CODE BEGIN PM */
  49:SubGHz_Phy/App/subghz_phy_app.c **** 
  50:SubGHz_Phy/App/subghz_phy_app.c **** /* USER CODE END PM */
  51:SubGHz_Phy/App/subghz_phy_app.c **** 
  52:SubGHz_Phy/App/subghz_phy_app.c **** /* Private variables ---------------------------------------------------------*/
  53:SubGHz_Phy/App/subghz_phy_app.c **** /* Radio events function pointer */
  54:SubGHz_Phy/App/subghz_phy_app.c **** static RadioEvents_t RadioEvents;
  55:SubGHz_Phy/App/subghz_phy_app.c **** 
  56:SubGHz_Phy/App/subghz_phy_app.c **** /* USER CODE BEGIN PV */
  57:SubGHz_Phy/App/subghz_phy_app.c **** 
  58:SubGHz_Phy/App/subghz_phy_app.c **** /* USER CODE END PV */
  59:SubGHz_Phy/App/subghz_phy_app.c **** 
  60:SubGHz_Phy/App/subghz_phy_app.c **** /* Private function prototypes -----------------------------------------------*/
  61:SubGHz_Phy/App/subghz_phy_app.c **** /*!
  62:SubGHz_Phy/App/subghz_phy_app.c ****  * @brief Function to be executed on Radio Tx Done event
  63:SubGHz_Phy/App/subghz_phy_app.c ****  */
  64:SubGHz_Phy/App/subghz_phy_app.c **** static void OnTxDone(void);
  65:SubGHz_Phy/App/subghz_phy_app.c **** 
  66:SubGHz_Phy/App/subghz_phy_app.c **** /**
  67:SubGHz_Phy/App/subghz_phy_app.c ****   * @brief Function to be executed on Radio Rx Done event
  68:SubGHz_Phy/App/subghz_phy_app.c ****   * @param  payload ptr of buffer received
  69:SubGHz_Phy/App/subghz_phy_app.c ****   * @param  size buffer size
  70:SubGHz_Phy/App/subghz_phy_app.c ****   * @param  rssi
  71:SubGHz_Phy/App/subghz_phy_app.c ****   * @param  LoraSnr_FskCfo
  72:SubGHz_Phy/App/subghz_phy_app.c ****   */
  73:SubGHz_Phy/App/subghz_phy_app.c **** static void OnRxDone(uint8_t *payload, uint16_t size, int16_t rssi, int8_t LoraSnr_FskCfo);
  74:SubGHz_Phy/App/subghz_phy_app.c **** 
  75:SubGHz_Phy/App/subghz_phy_app.c **** /**
  76:SubGHz_Phy/App/subghz_phy_app.c ****   * @brief Function executed on Radio Tx Timeout event
  77:SubGHz_Phy/App/subghz_phy_app.c ****   */
  78:SubGHz_Phy/App/subghz_phy_app.c **** static void OnTxTimeout(void);
  79:SubGHz_Phy/App/subghz_phy_app.c **** 
  80:SubGHz_Phy/App/subghz_phy_app.c **** /**
  81:SubGHz_Phy/App/subghz_phy_app.c ****   * @brief Function executed on Radio Rx Timeout event
  82:SubGHz_Phy/App/subghz_phy_app.c ****   */
  83:SubGHz_Phy/App/subghz_phy_app.c **** static void OnRxTimeout(void);
  84:SubGHz_Phy/App/subghz_phy_app.c **** 
  85:SubGHz_Phy/App/subghz_phy_app.c **** /**
  86:SubGHz_Phy/App/subghz_phy_app.c ****   * @brief Function executed on Radio Rx Error event
  87:SubGHz_Phy/App/subghz_phy_app.c ****   */
  88:SubGHz_Phy/App/subghz_phy_app.c **** static void OnRxError(void);
  89:SubGHz_Phy/App/subghz_phy_app.c **** 
  90:SubGHz_Phy/App/subghz_phy_app.c **** /* USER CODE BEGIN PFP */
ARM GAS  /tmp/cccdCMVd.s 			page 3


  91:SubGHz_Phy/App/subghz_phy_app.c **** 
  92:SubGHz_Phy/App/subghz_phy_app.c **** /* USER CODE END PFP */
  93:SubGHz_Phy/App/subghz_phy_app.c **** 
  94:SubGHz_Phy/App/subghz_phy_app.c **** /* Exported functions ---------------------------------------------------------*/
  95:SubGHz_Phy/App/subghz_phy_app.c **** void SubghzApp_Init(void)
  96:SubGHz_Phy/App/subghz_phy_app.c **** {
  97:SubGHz_Phy/App/subghz_phy_app.c ****   /* USER CODE BEGIN SubghzApp_Init_1 */
  98:SubGHz_Phy/App/subghz_phy_app.c **** 
  99:SubGHz_Phy/App/subghz_phy_app.c ****   /* USER CODE END SubghzApp_Init_1 */
 100:SubGHz_Phy/App/subghz_phy_app.c **** 
 101:SubGHz_Phy/App/subghz_phy_app.c ****   /* Radio initialization */
 102:SubGHz_Phy/App/subghz_phy_app.c ****   RadioEvents.TxDone = OnTxDone;
 103:SubGHz_Phy/App/subghz_phy_app.c ****   RadioEvents.RxDone = OnRxDone;
 104:SubGHz_Phy/App/subghz_phy_app.c ****   RadioEvents.TxTimeout = OnTxTimeout;
 105:SubGHz_Phy/App/subghz_phy_app.c ****   RadioEvents.RxTimeout = OnRxTimeout;
 106:SubGHz_Phy/App/subghz_phy_app.c ****   RadioEvents.RxError = OnRxError;
 107:SubGHz_Phy/App/subghz_phy_app.c **** 
 108:SubGHz_Phy/App/subghz_phy_app.c ****   Radio.Init(&RadioEvents);
 109:SubGHz_Phy/App/subghz_phy_app.c **** 
 110:SubGHz_Phy/App/subghz_phy_app.c ****   /* USER CODE BEGIN SubghzApp_Init_2 */
 111:SubGHz_Phy/App/subghz_phy_app.c **** 
 112:SubGHz_Phy/App/subghz_phy_app.c ****   /* USER CODE END SubghzApp_Init_2 */
 113:SubGHz_Phy/App/subghz_phy_app.c **** }
 114:SubGHz_Phy/App/subghz_phy_app.c **** 
 115:SubGHz_Phy/App/subghz_phy_app.c **** /* USER CODE BEGIN EF */
 116:SubGHz_Phy/App/subghz_phy_app.c **** 
 117:SubGHz_Phy/App/subghz_phy_app.c **** /* USER CODE END EF */
 118:SubGHz_Phy/App/subghz_phy_app.c **** 
 119:SubGHz_Phy/App/subghz_phy_app.c **** /* Private functions ---------------------------------------------------------*/
 120:SubGHz_Phy/App/subghz_phy_app.c **** static void OnTxDone(void)
 121:SubGHz_Phy/App/subghz_phy_app.c **** {
  26              		.loc 1 121 1 view -0
  27              		.cfi_startproc
  28              		@ args = 0, pretend = 0, frame = 0
  29              		@ frame_needed = 0, uses_anonymous_args = 0
  30              		@ link register save eliminated.
 122:SubGHz_Phy/App/subghz_phy_app.c ****   /* USER CODE BEGIN OnTxDone */
 123:SubGHz_Phy/App/subghz_phy_app.c ****   /* USER CODE END OnTxDone */
 124:SubGHz_Phy/App/subghz_phy_app.c **** }
  31              		.loc 1 124 1 view .LVU1
  32 0000 7047     		bx	lr
  33              		.cfi_endproc
  34              	.LFE870:
  36              		.section	.text.OnRxDone,"ax",%progbits
  37              		.align	1
  38              		.syntax unified
  39              		.thumb
  40              		.thumb_func
  42              	OnRxDone:
  43              	.LVL0:
  44              	.LFB871:
 125:SubGHz_Phy/App/subghz_phy_app.c **** 
 126:SubGHz_Phy/App/subghz_phy_app.c **** static void OnRxDone(uint8_t *payload, uint16_t size, int16_t rssi, int8_t LoraSnr_FskCfo)
 127:SubGHz_Phy/App/subghz_phy_app.c **** {
  45              		.loc 1 127 1 view -0
  46              		.cfi_startproc
  47              		@ args = 0, pretend = 0, frame = 0
ARM GAS  /tmp/cccdCMVd.s 			page 4


  48              		@ frame_needed = 0, uses_anonymous_args = 0
  49              		@ link register save eliminated.
 128:SubGHz_Phy/App/subghz_phy_app.c ****   /* USER CODE BEGIN OnRxDone */
 129:SubGHz_Phy/App/subghz_phy_app.c ****   /* USER CODE END OnRxDone */
 130:SubGHz_Phy/App/subghz_phy_app.c **** }
  50              		.loc 1 130 1 view .LVU3
  51 0000 7047     		bx	lr
  52              		.cfi_endproc
  53              	.LFE871:
  55              		.section	.text.OnTxTimeout,"ax",%progbits
  56              		.align	1
  57              		.syntax unified
  58              		.thumb
  59              		.thumb_func
  61              	OnTxTimeout:
  62              	.LFB872:
 131:SubGHz_Phy/App/subghz_phy_app.c **** 
 132:SubGHz_Phy/App/subghz_phy_app.c **** static void OnTxTimeout(void)
 133:SubGHz_Phy/App/subghz_phy_app.c **** {
  63              		.loc 1 133 1 view -0
  64              		.cfi_startproc
  65              		@ args = 0, pretend = 0, frame = 0
  66              		@ frame_needed = 0, uses_anonymous_args = 0
  67              		@ link register save eliminated.
 134:SubGHz_Phy/App/subghz_phy_app.c ****   /* USER CODE BEGIN OnTxTimeout */
 135:SubGHz_Phy/App/subghz_phy_app.c ****   /* USER CODE END OnTxTimeout */
 136:SubGHz_Phy/App/subghz_phy_app.c **** }
  68              		.loc 1 136 1 view .LVU5
  69 0000 7047     		bx	lr
  70              		.cfi_endproc
  71              	.LFE872:
  73              		.section	.text.OnRxTimeout,"ax",%progbits
  74              		.align	1
  75              		.syntax unified
  76              		.thumb
  77              		.thumb_func
  79              	OnRxTimeout:
  80              	.LFB873:
 137:SubGHz_Phy/App/subghz_phy_app.c **** 
 138:SubGHz_Phy/App/subghz_phy_app.c **** static void OnRxTimeout(void)
 139:SubGHz_Phy/App/subghz_phy_app.c **** {
  81              		.loc 1 139 1 view -0
  82              		.cfi_startproc
  83              		@ args = 0, pretend = 0, frame = 0
  84              		@ frame_needed = 0, uses_anonymous_args = 0
  85              		@ link register save eliminated.
 140:SubGHz_Phy/App/subghz_phy_app.c ****   /* USER CODE BEGIN OnRxTimeout */
 141:SubGHz_Phy/App/subghz_phy_app.c ****   /* USER CODE END OnRxTimeout */
 142:SubGHz_Phy/App/subghz_phy_app.c **** }
  86              		.loc 1 142 1 view .LVU7
  87 0000 7047     		bx	lr
  88              		.cfi_endproc
  89              	.LFE873:
  91              		.section	.text.OnRxError,"ax",%progbits
  92              		.align	1
  93              		.syntax unified
  94              		.thumb
ARM GAS  /tmp/cccdCMVd.s 			page 5


  95              		.thumb_func
  97              	OnRxError:
  98              	.LFB874:
 143:SubGHz_Phy/App/subghz_phy_app.c **** 
 144:SubGHz_Phy/App/subghz_phy_app.c **** static void OnRxError(void)
 145:SubGHz_Phy/App/subghz_phy_app.c **** {
  99              		.loc 1 145 1 view -0
 100              		.cfi_startproc
 101              		@ args = 0, pretend = 0, frame = 0
 102              		@ frame_needed = 0, uses_anonymous_args = 0
 103              		@ link register save eliminated.
 146:SubGHz_Phy/App/subghz_phy_app.c ****   /* USER CODE BEGIN OnRxError */
 147:SubGHz_Phy/App/subghz_phy_app.c ****   /* USER CODE END OnRxError */
 148:SubGHz_Phy/App/subghz_phy_app.c **** }
 104              		.loc 1 148 1 view .LVU9
 105 0000 7047     		bx	lr
 106              		.cfi_endproc
 107              	.LFE874:
 109              		.section	.text.SubghzApp_Init,"ax",%progbits
 110              		.align	1
 111              		.global	SubghzApp_Init
 112              		.syntax unified
 113              		.thumb
 114              		.thumb_func
 116              	SubghzApp_Init:
 117              	.LFB869:
  96:SubGHz_Phy/App/subghz_phy_app.c ****   /* USER CODE BEGIN SubghzApp_Init_1 */
 118              		.loc 1 96 1 view -0
 119              		.cfi_startproc
 120              		@ args = 0, pretend = 0, frame = 0
 121              		@ frame_needed = 0, uses_anonymous_args = 0
 122 0000 08B5     		push	{r3, lr}
 123              		.cfi_def_cfa_offset 8
 124              		.cfi_offset 3, -8
 125              		.cfi_offset 14, -4
 102:SubGHz_Phy/App/subghz_phy_app.c ****   RadioEvents.RxDone = OnRxDone;
 126              		.loc 1 102 3 view .LVU11
 102:SubGHz_Phy/App/subghz_phy_app.c ****   RadioEvents.RxDone = OnRxDone;
 127              		.loc 1 102 22 is_stmt 0 view .LVU12
 128 0002 0748     		ldr	r0, .L8
 129 0004 074B     		ldr	r3, .L8+4
 130 0006 0360     		str	r3, [r0]
 103:SubGHz_Phy/App/subghz_phy_app.c ****   RadioEvents.TxTimeout = OnTxTimeout;
 131              		.loc 1 103 3 is_stmt 1 view .LVU13
 103:SubGHz_Phy/App/subghz_phy_app.c ****   RadioEvents.TxTimeout = OnTxTimeout;
 132              		.loc 1 103 22 is_stmt 0 view .LVU14
 133 0008 074B     		ldr	r3, .L8+8
 134 000a 8360     		str	r3, [r0, #8]
 104:SubGHz_Phy/App/subghz_phy_app.c ****   RadioEvents.RxTimeout = OnRxTimeout;
 135              		.loc 1 104 3 is_stmt 1 view .LVU15
 104:SubGHz_Phy/App/subghz_phy_app.c ****   RadioEvents.RxTimeout = OnRxTimeout;
 136              		.loc 1 104 25 is_stmt 0 view .LVU16
 137 000c 074B     		ldr	r3, .L8+12
 138 000e 4360     		str	r3, [r0, #4]
 105:SubGHz_Phy/App/subghz_phy_app.c ****   RadioEvents.RxError = OnRxError;
 139              		.loc 1 105 3 is_stmt 1 view .LVU17
 105:SubGHz_Phy/App/subghz_phy_app.c ****   RadioEvents.RxError = OnRxError;
ARM GAS  /tmp/cccdCMVd.s 			page 6


 140              		.loc 1 105 25 is_stmt 0 view .LVU18
 141 0010 074B     		ldr	r3, .L8+16
 142 0012 C360     		str	r3, [r0, #12]
 106:SubGHz_Phy/App/subghz_phy_app.c **** 
 143              		.loc 1 106 3 is_stmt 1 view .LVU19
 106:SubGHz_Phy/App/subghz_phy_app.c **** 
 144              		.loc 1 106 23 is_stmt 0 view .LVU20
 145 0014 074B     		ldr	r3, .L8+20
 146 0016 0361     		str	r3, [r0, #16]
 108:SubGHz_Phy/App/subghz_phy_app.c **** 
 147              		.loc 1 108 3 is_stmt 1 view .LVU21
 108:SubGHz_Phy/App/subghz_phy_app.c **** 
 148              		.loc 1 108 8 is_stmt 0 view .LVU22
 149 0018 074B     		ldr	r3, .L8+24
 150 001a 1B68     		ldr	r3, [r3]
 108:SubGHz_Phy/App/subghz_phy_app.c **** 
 151              		.loc 1 108 3 view .LVU23
 152 001c 9847     		blx	r3
 153              	.LVL1:
 113:SubGHz_Phy/App/subghz_phy_app.c **** 
 154              		.loc 1 113 1 view .LVU24
 155 001e 08BD     		pop	{r3, pc}
 156              	.L9:
 157              		.align	2
 158              	.L8:
 159 0020 00000000 		.word	RadioEvents
 160 0024 00000000 		.word	OnTxDone
 161 0028 00000000 		.word	OnRxDone
 162 002c 00000000 		.word	OnTxTimeout
 163 0030 00000000 		.word	OnRxTimeout
 164 0034 00000000 		.word	OnRxError
 165 0038 00000000 		.word	Radio
 166              		.cfi_endproc
 167              	.LFE869:
 169              		.section	.bss.RadioEvents,"aw",%nobits
 170              		.align	2
 173              	RadioEvents:
 174 0000 00000000 		.space	28
 174      00000000 
 174      00000000 
 174      00000000 
 174      00000000 
 175              		.text
 176              	.Letext0:
 177              		.file 2 "/home/zgsdlv/.arduino15/packages/STMicroelectronics/tools/xpack-arm-none-eabi-gcc/14.2.1-
 178              		.file 3 "/home/zgsdlv/.arduino15/packages/STMicroelectronics/tools/xpack-arm-none-eabi-gcc/14.2.1-
 179              		.file 4 "Middlewares/Third_Party/SubGHz_Phy/radio_driver/radio_def.h"
 180              		.file 5 "Middlewares/Third_Party/SubGHz_Phy/radio_driver/radio_ex.h"
 181              		.file 6 "Middlewares/Third_Party/SubGHz_Phy/radio_driver/lr_fhss_v1_base_types.h"
 182              		.file 7 "Middlewares/Third_Party/SubGHz_Phy/radio_driver/radio.h"
 183              		.file 8 "Drivers/STM32WLxx_HAL_Driver/Inc/stm32wlxx_ll_dma.h"
ARM GAS  /tmp/cccdCMVd.s 			page 7


DEFINED SYMBOLS
                            *ABS*:00000000 subghz_phy_app.c
     /tmp/cccdCMVd.s:19     .text.OnTxDone:00000000 $t
     /tmp/cccdCMVd.s:24     .text.OnTxDone:00000000 OnTxDone
     /tmp/cccdCMVd.s:37     .text.OnRxDone:00000000 $t
     /tmp/cccdCMVd.s:42     .text.OnRxDone:00000000 OnRxDone
     /tmp/cccdCMVd.s:56     .text.OnTxTimeout:00000000 $t
     /tmp/cccdCMVd.s:61     .text.OnTxTimeout:00000000 OnTxTimeout
     /tmp/cccdCMVd.s:74     .text.OnRxTimeout:00000000 $t
     /tmp/cccdCMVd.s:79     .text.OnRxTimeout:00000000 OnRxTimeout
     /tmp/cccdCMVd.s:92     .text.OnRxError:00000000 $t
     /tmp/cccdCMVd.s:97     .text.OnRxError:00000000 OnRxError
     /tmp/cccdCMVd.s:110    .text.SubghzApp_Init:00000000 $t
     /tmp/cccdCMVd.s:116    .text.SubghzApp_Init:00000000 SubghzApp_Init
     /tmp/cccdCMVd.s:159    .text.SubghzApp_Init:00000020 $d
     /tmp/cccdCMVd.s:173    .bss.RadioEvents:00000000 RadioEvents
     /tmp/cccdCMVd.s:170    .bss.RadioEvents:00000000 $d

UNDEFINED SYMBOLS
Radio
