ARM GAS  /tmp/ccqUmKfw.s 			page 1


   1              		.cpu cortex-m4
   2              		.arch armv7e-m
   3              		.fpu softvfp
   4              		.eabi_attribute 20, 1
   5              		.eabi_attribute 21, 1
   6              		.eabi_attribute 23, 3
   7              		.eabi_attribute 24, 1
   8              		.eabi_attribute 25, 1
   9              		.eabi_attribute 26, 1
  10              		.eabi_attribute 30, 1
  11              		.eabi_attribute 34, 1
  12              		.eabi_attribute 18, 4
  13              		.file	"system_stm32wlxx.c"
  14              		.text
  15              	.Ltext0:
  16              		.cfi_sections	.debug_frame
  17              		.file 1 "Core/Src/system_stm32wlxx.c"
  18              		.section	.text.SystemInit,"ax",%progbits
  19              		.align	1
  20              		.global	SystemInit
  21              		.syntax unified
  22              		.thumb
  23              		.thumb_func
  25              	SystemInit:
  26              	.LFB846:
   1:Core/Src/system_stm32wlxx.c **** /**
   2:Core/Src/system_stm32wlxx.c ****   ******************************************************************************
   3:Core/Src/system_stm32wlxx.c ****   * @file    system_stm32wlxx.c
   4:Core/Src/system_stm32wlxx.c ****   * @author  MCD Application Team
   5:Core/Src/system_stm32wlxx.c ****   * @brief   CMSIS Cortex Device Peripheral Access Layer System Source File
   6:Core/Src/system_stm32wlxx.c ****   *
   7:Core/Src/system_stm32wlxx.c ****   ******************************************************************************
   8:Core/Src/system_stm32wlxx.c ****   * @attention
   9:Core/Src/system_stm32wlxx.c ****   *
  10:Core/Src/system_stm32wlxx.c ****   * Copyright (c) 2020-2021 STMicroelectronics.
  11:Core/Src/system_stm32wlxx.c ****   * All rights reserved.
  12:Core/Src/system_stm32wlxx.c ****   *
  13:Core/Src/system_stm32wlxx.c ****   * This software is licensed under terms that can be found in the LICENSE file
  14:Core/Src/system_stm32wlxx.c ****   * in the root directory of this software component.
  15:Core/Src/system_stm32wlxx.c ****   * If no LICENSE file comes with this software, it is provided AS-IS.
  16:Core/Src/system_stm32wlxx.c ****   *
  17:Core/Src/system_stm32wlxx.c ****   ******************************************************************************
  18:Core/Src/system_stm32wlxx.c ****   *   This file provides two functions and one global variable to be called from
  19:Core/Src/system_stm32wlxx.c ****   *   user application:
  20:Core/Src/system_stm32wlxx.c ****   *      - SystemInit(): This function is called at startup just after reset and
  21:Core/Src/system_stm32wlxx.c ****   *                      before branch to main program. This call is made inside
  22:Core/Src/system_stm32wlxx.c ****   *                      the "startup_stm32wlxx.s" file.
  23:Core/Src/system_stm32wlxx.c ****   *
  24:Core/Src/system_stm32wlxx.c ****   *      - SystemCoreClock variable: Contains the core clock (HCLK), it can be used
  25:Core/Src/system_stm32wlxx.c ****   *                                  by the user application to setup the SysTick
  26:Core/Src/system_stm32wlxx.c ****   *                                  timer or configure other parameters.
  27:Core/Src/system_stm32wlxx.c ****   *
  28:Core/Src/system_stm32wlxx.c ****   *      - SystemCoreClockUpdate(): Updates the variable SystemCoreClock and must
  29:Core/Src/system_stm32wlxx.c ****   *                                 be called whenever the core clock is changed
  30:Core/Src/system_stm32wlxx.c ****   *                                 during program execution.
  31:Core/Src/system_stm32wlxx.c ****   *
  32:Core/Src/system_stm32wlxx.c ****   *   After each device reset the MSI (4 MHz) is used as system clock source.
ARM GAS  /tmp/ccqUmKfw.s 			page 2


  33:Core/Src/system_stm32wlxx.c ****   *   Then SystemInit() function is called, in "startup_stm32wlxx.s" file, to
  34:Core/Src/system_stm32wlxx.c ****   *   configure the system clock before to branch to main program.
  35:Core/Src/system_stm32wlxx.c ****   *
  36:Core/Src/system_stm32wlxx.c ****   *   This file configures the system clock as follows:
  37:Core/Src/system_stm32wlxx.c ****   *=============================================================================
  38:Core/Src/system_stm32wlxx.c ****   *-----------------------------------------------------------------------------
  39:Core/Src/system_stm32wlxx.c ****   *        System Clock source                    | MSI
  40:Core/Src/system_stm32wlxx.c ****   *-----------------------------------------------------------------------------
  41:Core/Src/system_stm32wlxx.c ****   *        SYSCLK(Hz)                             | 4000000
  42:Core/Src/system_stm32wlxx.c ****   *-----------------------------------------------------------------------------
  43:Core/Src/system_stm32wlxx.c ****   *        HCLK(Hz)                               | 4000000
  44:Core/Src/system_stm32wlxx.c ****   *-----------------------------------------------------------------------------
  45:Core/Src/system_stm32wlxx.c ****   *        AHB Prescaler                          | 1
  46:Core/Src/system_stm32wlxx.c ****   *-----------------------------------------------------------------------------
  47:Core/Src/system_stm32wlxx.c ****   *        APB1 Prescaler                         | 1
  48:Core/Src/system_stm32wlxx.c ****   *-----------------------------------------------------------------------------
  49:Core/Src/system_stm32wlxx.c ****   *        APB2 Prescaler                         | 1
  50:Core/Src/system_stm32wlxx.c ****   *-----------------------------------------------------------------------------
  51:Core/Src/system_stm32wlxx.c ****   *        PLL_M                                  | 1
  52:Core/Src/system_stm32wlxx.c ****   *-----------------------------------------------------------------------------
  53:Core/Src/system_stm32wlxx.c ****   *        PLL_N                                  | 8
  54:Core/Src/system_stm32wlxx.c ****   *-----------------------------------------------------------------------------
  55:Core/Src/system_stm32wlxx.c ****   *        PLL_P                                  | 7
  56:Core/Src/system_stm32wlxx.c ****   *-----------------------------------------------------------------------------
  57:Core/Src/system_stm32wlxx.c ****   *        PLL_Q                                  | 2
  58:Core/Src/system_stm32wlxx.c ****   *-----------------------------------------------------------------------------
  59:Core/Src/system_stm32wlxx.c ****   *        PLL_R                                  | 2
  60:Core/Src/system_stm32wlxx.c ****   *-----------------------------------------------------------------------------
  61:Core/Src/system_stm32wlxx.c ****   *        PLLSAI1_P                              | NA
  62:Core/Src/system_stm32wlxx.c ****   *-----------------------------------------------------------------------------
  63:Core/Src/system_stm32wlxx.c ****   *        PLLSAI1_Q                              | NA
  64:Core/Src/system_stm32wlxx.c ****   *-----------------------------------------------------------------------------
  65:Core/Src/system_stm32wlxx.c ****   *        PLLSAI1_R                              | NA
  66:Core/Src/system_stm32wlxx.c ****   *-----------------------------------------------------------------------------
  67:Core/Src/system_stm32wlxx.c ****   *        Require 48MHz for USB OTG FS,          | Disabled
  68:Core/Src/system_stm32wlxx.c ****   *        SDIO and RNG clock                     |
  69:Core/Src/system_stm32wlxx.c ****   *-----------------------------------------------------------------------------
  70:Core/Src/system_stm32wlxx.c ****   *=============================================================================
  71:Core/Src/system_stm32wlxx.c ****   */
  72:Core/Src/system_stm32wlxx.c **** 
  73:Core/Src/system_stm32wlxx.c **** /** @addtogroup CMSIS
  74:Core/Src/system_stm32wlxx.c ****   * @{
  75:Core/Src/system_stm32wlxx.c ****   */
  76:Core/Src/system_stm32wlxx.c **** 
  77:Core/Src/system_stm32wlxx.c **** /** @addtogroup stm32WLxx_system
  78:Core/Src/system_stm32wlxx.c ****   * @{
  79:Core/Src/system_stm32wlxx.c ****   */
  80:Core/Src/system_stm32wlxx.c **** 
  81:Core/Src/system_stm32wlxx.c **** /** @addtogroup stm32WLxx_System_Private_Includes
  82:Core/Src/system_stm32wlxx.c ****   * @{
  83:Core/Src/system_stm32wlxx.c ****   */
  84:Core/Src/system_stm32wlxx.c **** 
  85:Core/Src/system_stm32wlxx.c **** #include "stm32wlxx.h"
  86:Core/Src/system_stm32wlxx.c **** 
  87:Core/Src/system_stm32wlxx.c **** #if !defined  (HSE_VALUE)
  88:Core/Src/system_stm32wlxx.c ****   #define HSE_VALUE    (32000000UL) /*!< Value of the External oscillator in Hz */
  89:Core/Src/system_stm32wlxx.c **** #endif /* HSE_VALUE */
ARM GAS  /tmp/ccqUmKfw.s 			page 3


  90:Core/Src/system_stm32wlxx.c **** 
  91:Core/Src/system_stm32wlxx.c **** #if !defined  (MSI_VALUE)
  92:Core/Src/system_stm32wlxx.c ****    #define MSI_VALUE    (4000000UL) /*!< Value of the Internal oscillator in Hz*/
  93:Core/Src/system_stm32wlxx.c **** #endif /* MSI_VALUE */
  94:Core/Src/system_stm32wlxx.c **** 
  95:Core/Src/system_stm32wlxx.c **** #if !defined  (HSI_VALUE)
  96:Core/Src/system_stm32wlxx.c ****   #define HSI_VALUE    (16000000UL) /*!< Value of the Internal oscillator in Hz*/
  97:Core/Src/system_stm32wlxx.c **** #endif /* HSI_VALUE */
  98:Core/Src/system_stm32wlxx.c **** 
  99:Core/Src/system_stm32wlxx.c **** #if !defined  (LSI_VALUE)
 100:Core/Src/system_stm32wlxx.c ****  #define LSI_VALUE  (32000UL)       /*!< Value of LSI in Hz*/
 101:Core/Src/system_stm32wlxx.c **** #endif /* LSI_VALUE */
 102:Core/Src/system_stm32wlxx.c **** 
 103:Core/Src/system_stm32wlxx.c **** #if !defined  (LSE_VALUE)
 104:Core/Src/system_stm32wlxx.c ****   #define LSE_VALUE    (32768UL)    /*!< Value of LSE in Hz*/
 105:Core/Src/system_stm32wlxx.c **** #endif /* LSE_VALUE */
 106:Core/Src/system_stm32wlxx.c **** 
 107:Core/Src/system_stm32wlxx.c **** /**
 108:Core/Src/system_stm32wlxx.c ****   * @}
 109:Core/Src/system_stm32wlxx.c ****   */
 110:Core/Src/system_stm32wlxx.c **** 
 111:Core/Src/system_stm32wlxx.c **** /** @addtogroup STM32WLxx_System_Private_TypesDefinitions
 112:Core/Src/system_stm32wlxx.c ****   * @{
 113:Core/Src/system_stm32wlxx.c ****   */
 114:Core/Src/system_stm32wlxx.c **** 
 115:Core/Src/system_stm32wlxx.c **** /**
 116:Core/Src/system_stm32wlxx.c ****   * @}
 117:Core/Src/system_stm32wlxx.c ****   */
 118:Core/Src/system_stm32wlxx.c **** 
 119:Core/Src/system_stm32wlxx.c **** /** @addtogroup STM32WLxx_System_Private_Defines
 120:Core/Src/system_stm32wlxx.c ****   * @{
 121:Core/Src/system_stm32wlxx.c ****   */
 122:Core/Src/system_stm32wlxx.c **** 
 123:Core/Src/system_stm32wlxx.c **** /* Note: Following vector table addresses must be defined in line with linker
 124:Core/Src/system_stm32wlxx.c ****          configuration. */
 125:Core/Src/system_stm32wlxx.c **** /*!< Uncomment the following line if you need to relocate CPU1 CM4 and/or CPU2
 126:Core/Src/system_stm32wlxx.c ****      CM0+ vector table anywhere in Sram or Flash. Else vector table will be kept
 127:Core/Src/system_stm32wlxx.c ****      at address 0x00 which correspond to automatic remap of boot address selected */
 128:Core/Src/system_stm32wlxx.c **** /* #define USER_VECT_TAB_ADDRESS */
 129:Core/Src/system_stm32wlxx.c **** #if defined(USER_VECT_TAB_ADDRESS)
 130:Core/Src/system_stm32wlxx.c **** #ifdef CORE_CM0PLUS
 131:Core/Src/system_stm32wlxx.c ****  /*!< Uncomment this line for user vector table remap in Sram else user remap
 132:Core/Src/system_stm32wlxx.c ****       will be done in Flash. */
 133:Core/Src/system_stm32wlxx.c **** /* #define VECT_TAB_SRAM */
 134:Core/Src/system_stm32wlxx.c **** #if defined(VECT_TAB_SRAM)
 135:Core/Src/system_stm32wlxx.c **** #define VECT_TAB_BASE_ADDRESS   SRAM2_BASE      /*!< Vector Table base address field.
 136:Core/Src/system_stm32wlxx.c ****                                                      This value must be a multiple of 0x100. */
 137:Core/Src/system_stm32wlxx.c **** #if !defined(VECT_TAB_OFFSET)
 138:Core/Src/system_stm32wlxx.c **** #define VECT_TAB_OFFSET         0x00008000U     /*!< Vector Table base offset field.
 139:Core/Src/system_stm32wlxx.c ****                                                      This value must be a multiple of 0x100. */
 140:Core/Src/system_stm32wlxx.c **** #endif /* VECT_TAB_OFFSET */
 141:Core/Src/system_stm32wlxx.c **** 
 142:Core/Src/system_stm32wlxx.c **** #else
 143:Core/Src/system_stm32wlxx.c **** #define VECT_TAB_BASE_ADDRESS   FLASH_BASE      /*!< Vector Table base address field.
 144:Core/Src/system_stm32wlxx.c ****                                                      This value must be a multiple of 0x100. */
 145:Core/Src/system_stm32wlxx.c **** #if !defined(VECT_TAB_OFFSET)
 146:Core/Src/system_stm32wlxx.c **** #define VECT_TAB_OFFSET         0x00020000U     /*!< Vector Table base offset field.
ARM GAS  /tmp/ccqUmKfw.s 			page 4


 147:Core/Src/system_stm32wlxx.c ****                                                      This value must be a multiple of 0x100. */
 148:Core/Src/system_stm32wlxx.c **** #endif /* VECT_TAB_OFFSET */
 149:Core/Src/system_stm32wlxx.c **** 
 150:Core/Src/system_stm32wlxx.c **** #endif
 151:Core/Src/system_stm32wlxx.c **** #else /* CORE_CM4 */
 152:Core/Src/system_stm32wlxx.c ****  /*!< Uncomment this line for user vector table remap in Sram else user remap
 153:Core/Src/system_stm32wlxx.c ****       will be done in Flash. */
 154:Core/Src/system_stm32wlxx.c **** /* #define VECT_TAB_SRAM */
 155:Core/Src/system_stm32wlxx.c **** #if defined(VECT_TAB_SRAM)
 156:Core/Src/system_stm32wlxx.c **** #define VECT_TAB_BASE_ADDRESS   SRAM1_BASE      /*!< Vector Table base address field.
 157:Core/Src/system_stm32wlxx.c ****                                                      This value must be a multiple of 0x200. */
 158:Core/Src/system_stm32wlxx.c **** #if !defined(VECT_TAB_OFFSET)
 159:Core/Src/system_stm32wlxx.c **** #define VECT_TAB_OFFSET         0x00000000U     /*!< Vector Table base offset field.
 160:Core/Src/system_stm32wlxx.c ****                                                      This value must be a multiple of 0x200. */
 161:Core/Src/system_stm32wlxx.c **** #endif /* VECT_TAB_OFFSET */
 162:Core/Src/system_stm32wlxx.c **** 
 163:Core/Src/system_stm32wlxx.c **** #else
 164:Core/Src/system_stm32wlxx.c **** #define VECT_TAB_BASE_ADDRESS   FLASH_BASE      /*!< Vector Table base address field.
 165:Core/Src/system_stm32wlxx.c ****                                                      This value must be a multiple of 0x200. */
 166:Core/Src/system_stm32wlxx.c **** #if !defined(VECT_TAB_OFFSET)
 167:Core/Src/system_stm32wlxx.c **** #define VECT_TAB_OFFSET         0x00000000U      /*!< Vector Table base offset field.
 168:Core/Src/system_stm32wlxx.c ****                                                       This value must be a multiple of 0x200. */
 169:Core/Src/system_stm32wlxx.c **** #endif /* VECT_TAB_OFFSET */
 170:Core/Src/system_stm32wlxx.c **** 
 171:Core/Src/system_stm32wlxx.c **** #endif
 172:Core/Src/system_stm32wlxx.c **** #endif
 173:Core/Src/system_stm32wlxx.c **** #endif
 174:Core/Src/system_stm32wlxx.c **** 
 175:Core/Src/system_stm32wlxx.c **** /**
 176:Core/Src/system_stm32wlxx.c ****   * @}
 177:Core/Src/system_stm32wlxx.c ****   */
 178:Core/Src/system_stm32wlxx.c **** 
 179:Core/Src/system_stm32wlxx.c **** /** @addtogroup STM32WLxx_System_Private_Macros
 180:Core/Src/system_stm32wlxx.c ****   * @{
 181:Core/Src/system_stm32wlxx.c ****   */
 182:Core/Src/system_stm32wlxx.c **** 
 183:Core/Src/system_stm32wlxx.c **** /**
 184:Core/Src/system_stm32wlxx.c ****   * @}
 185:Core/Src/system_stm32wlxx.c ****   */
 186:Core/Src/system_stm32wlxx.c **** 
 187:Core/Src/system_stm32wlxx.c **** /** @addtogroup STM32WLxx_System_Private_Variables
 188:Core/Src/system_stm32wlxx.c ****   * @{
 189:Core/Src/system_stm32wlxx.c ****   */
 190:Core/Src/system_stm32wlxx.c ****   /* The SystemCoreClock variable is updated in three ways:
 191:Core/Src/system_stm32wlxx.c ****       1) from within HAL_Init()
 192:Core/Src/system_stm32wlxx.c ****       2) by calling CMSIS function SystemCoreClockUpdate()
 193:Core/Src/system_stm32wlxx.c ****       3) each time HAL_RCC_ClockConfig() is called to configure the system clock frequency
 194:Core/Src/system_stm32wlxx.c ****   */
 195:Core/Src/system_stm32wlxx.c ****   uint32_t SystemCoreClock  = 4000000UL; /*CPU1: M4 on MSI clock after startup (4MHz)*/
 196:Core/Src/system_stm32wlxx.c **** 
 197:Core/Src/system_stm32wlxx.c ****   const uint32_t AHBPrescTable[16UL] = {1UL, 3UL, 5UL, 1UL, 1UL, 6UL, 10UL, 32UL, 2UL, 4UL, 8UL, 16
 198:Core/Src/system_stm32wlxx.c **** 
 199:Core/Src/system_stm32wlxx.c ****   const uint32_t APBPrescTable[8UL]  = {0UL, 0UL, 0UL, 0UL, 1UL, 2UL, 3UL, 4UL};
 200:Core/Src/system_stm32wlxx.c **** 
 201:Core/Src/system_stm32wlxx.c ****   const uint32_t MSIRangeTable[16UL] = {100000UL, 200000UL, 400000UL, 800000UL, 1000000UL, 2000000U
 202:Core/Src/system_stm32wlxx.c ****     4000000UL, 8000000UL, 16000000UL, 24000000UL, 32000000UL, 48000000UL, 0UL, 0UL, 0UL, 0UL}; /* 0
 203:Core/Src/system_stm32wlxx.c **** /**
ARM GAS  /tmp/ccqUmKfw.s 			page 5


 204:Core/Src/system_stm32wlxx.c ****   * @}
 205:Core/Src/system_stm32wlxx.c ****   */
 206:Core/Src/system_stm32wlxx.c **** 
 207:Core/Src/system_stm32wlxx.c **** /** @addtogroup STM32WLxx_System_Private_FunctionPrototypes
 208:Core/Src/system_stm32wlxx.c ****   * @{
 209:Core/Src/system_stm32wlxx.c ****   */
 210:Core/Src/system_stm32wlxx.c **** /**
 211:Core/Src/system_stm32wlxx.c ****   * @}
 212:Core/Src/system_stm32wlxx.c ****   */
 213:Core/Src/system_stm32wlxx.c **** 
 214:Core/Src/system_stm32wlxx.c **** /** @addtogroup STM32WLxx_System_Private_Functions
 215:Core/Src/system_stm32wlxx.c ****   * @{
 216:Core/Src/system_stm32wlxx.c ****   */
 217:Core/Src/system_stm32wlxx.c **** 
 218:Core/Src/system_stm32wlxx.c **** /**
 219:Core/Src/system_stm32wlxx.c ****   * @brief  Setup the microcontroller system.
 220:Core/Src/system_stm32wlxx.c ****   * @param  None
 221:Core/Src/system_stm32wlxx.c ****   * @retval None
 222:Core/Src/system_stm32wlxx.c ****   */
 223:Core/Src/system_stm32wlxx.c **** void SystemInit(void)
 224:Core/Src/system_stm32wlxx.c **** {
  27              		.loc 1 224 1 view -0
  28              		.cfi_startproc
  29              		@ args = 0, pretend = 0, frame = 0
  30              		@ frame_needed = 0, uses_anonymous_args = 0
  31              		@ link register save eliminated.
 225:Core/Src/system_stm32wlxx.c **** #if defined(USER_VECT_TAB_ADDRESS)
 226:Core/Src/system_stm32wlxx.c ****   /* Configure the Vector Table location add offset address ------------------*/
 227:Core/Src/system_stm32wlxx.c ****   SCB->VTOR = VECT_TAB_BASE_ADDRESS | VECT_TAB_OFFSET;
 228:Core/Src/system_stm32wlxx.c **** #endif
 229:Core/Src/system_stm32wlxx.c **** 
 230:Core/Src/system_stm32wlxx.c ****   /* FPU settings ------------------------------------------------------------*/
 231:Core/Src/system_stm32wlxx.c **** #if (__FPU_PRESENT == 1) && (__FPU_USED == 1)
 232:Core/Src/system_stm32wlxx.c ****   SCB->CPACR |= ((3UL << (10UL*2UL))|(3UL << (11UL*2UL)));  /* set CP10 and CP11 Full Access */
 233:Core/Src/system_stm32wlxx.c **** #endif
 234:Core/Src/system_stm32wlxx.c **** }
  32              		.loc 1 234 1 view .LVU1
  33 0000 7047     		bx	lr
  34              		.cfi_endproc
  35              	.LFE846:
  37              		.section	.text.SystemCoreClockUpdate,"ax",%progbits
  38              		.align	1
  39              		.global	SystemCoreClockUpdate
  40              		.syntax unified
  41              		.thumb
  42              		.thumb_func
  44              	SystemCoreClockUpdate:
  45              	.LFB847:
 235:Core/Src/system_stm32wlxx.c **** 
 236:Core/Src/system_stm32wlxx.c **** /**
 237:Core/Src/system_stm32wlxx.c ****   * @brief  Update SystemCoreClock variable according to Clock Register Values.
 238:Core/Src/system_stm32wlxx.c ****   *         The SystemCoreClock variable contains the core clock (HCLK), it can
 239:Core/Src/system_stm32wlxx.c ****   *         be used by the user application to setup the SysTick timer or configure
 240:Core/Src/system_stm32wlxx.c ****   *         other parameters.
 241:Core/Src/system_stm32wlxx.c ****   *
 242:Core/Src/system_stm32wlxx.c ****   * @note   Each time the core clock (HCLK) changes, this function must be called
 243:Core/Src/system_stm32wlxx.c ****   *         to update SystemCoreClock variable value. Otherwise, any configuration
ARM GAS  /tmp/ccqUmKfw.s 			page 6


 244:Core/Src/system_stm32wlxx.c ****   *         based on this variable will be incorrect.
 245:Core/Src/system_stm32wlxx.c ****   *
 246:Core/Src/system_stm32wlxx.c ****   * @note   - The system frequency computed by this function is not the real
 247:Core/Src/system_stm32wlxx.c ****   *           frequency in the chip. It is calculated based on the predefined
 248:Core/Src/system_stm32wlxx.c ****   *           constant and the selected clock source:
 249:Core/Src/system_stm32wlxx.c ****   *
 250:Core/Src/system_stm32wlxx.c ****   *           - If SYSCLK source is MSI, SystemCoreClock will contain the MSI_VALUE(*)
 251:Core/Src/system_stm32wlxx.c ****   *
 252:Core/Src/system_stm32wlxx.c ****   *           - If SYSCLK source is HSI, SystemCoreClock will contain the HSI_VALUE(**)
 253:Core/Src/system_stm32wlxx.c ****   *
 254:Core/Src/system_stm32wlxx.c ****   *           - If SYSCLK source is HSE, SystemCoreClock will contain the HSE_VALUE(***)
 255:Core/Src/system_stm32wlxx.c ****   *
 256:Core/Src/system_stm32wlxx.c ****   *           - If SYSCLK source is PLL, SystemCoreClock will contain the HSE_VALUE(***)
 257:Core/Src/system_stm32wlxx.c ****   *             or HSI_VALUE(*) or MSI_VALUE(*) multiplied/divided by the PLL factors.
 258:Core/Src/system_stm32wlxx.c ****   *
 259:Core/Src/system_stm32wlxx.c ****   *         (*) MSI_VALUE is a constant defined in stm32wlxx_hal.h file (default value
 260:Core/Src/system_stm32wlxx.c ****   *             4 MHz) but the real value may vary depending on the variations
 261:Core/Src/system_stm32wlxx.c ****   *             in voltage and temperature.
 262:Core/Src/system_stm32wlxx.c ****   *
 263:Core/Src/system_stm32wlxx.c ****   *         (**) HSI_VALUE is a constant defined in stm32wlxx_hal_conf.h file (default value
 264:Core/Src/system_stm32wlxx.c ****   *              16 MHz) but the real value may vary depending on the variations
 265:Core/Src/system_stm32wlxx.c ****   *              in voltage and temperature.
 266:Core/Src/system_stm32wlxx.c ****   *
 267:Core/Src/system_stm32wlxx.c ****   *         (***) HSE_VALUE is a constant defined in stm32wlxx_hal_conf.h file (default value
 268:Core/Src/system_stm32wlxx.c ****   *              32 MHz), user has to ensure that HSE_VALUE is same as the real
 269:Core/Src/system_stm32wlxx.c ****   *              frequency of the crystal used. Otherwise, this function may
 270:Core/Src/system_stm32wlxx.c ****   *              have wrong result.
 271:Core/Src/system_stm32wlxx.c ****   *
 272:Core/Src/system_stm32wlxx.c ****   *         - The result of this function could be not correct when using fractional
 273:Core/Src/system_stm32wlxx.c ****   *           value for HSE crystal.
 274:Core/Src/system_stm32wlxx.c ****   *
 275:Core/Src/system_stm32wlxx.c ****   * @param  None
 276:Core/Src/system_stm32wlxx.c ****   * @retval None
 277:Core/Src/system_stm32wlxx.c ****   */
 278:Core/Src/system_stm32wlxx.c **** void SystemCoreClockUpdate(void)
 279:Core/Src/system_stm32wlxx.c **** {
  46              		.loc 1 279 1 view -0
  47              		.cfi_startproc
  48              		@ args = 0, pretend = 0, frame = 0
  49              		@ frame_needed = 0, uses_anonymous_args = 0
  50              		@ link register save eliminated.
 280:Core/Src/system_stm32wlxx.c ****   uint32_t tmp, msirange, pllvco, pllr, pllsource , pllm;
  51              		.loc 1 280 3 view .LVU3
 281:Core/Src/system_stm32wlxx.c **** 
 282:Core/Src/system_stm32wlxx.c ****  /* Get MSI Range frequency--------------------------------------------------*/
 283:Core/Src/system_stm32wlxx.c **** 
 284:Core/Src/system_stm32wlxx.c ****    /* Get MSI Range frequency--------------------------------------------------*/
 285:Core/Src/system_stm32wlxx.c ****    if((RCC->CR & RCC_CR_MSIRGSEL) == 0U)
  52              		.loc 1 285 4 view .LVU4
  53              		.loc 1 285 11 is_stmt 0 view .LVU5
  54 0000 4FF0B043 		mov	r3, #1476395008
  55 0004 1B68     		ldr	r3, [r3]
  56              		.loc 1 285 6 view .LVU6
  57 0006 13F0080F 		tst	r3, #8
  58 000a 18D1     		bne	.L3
 286:Core/Src/system_stm32wlxx.c ****    { /* MSISRANGE from RCC_CSR applies */
 287:Core/Src/system_stm32wlxx.c ****      msirange = (RCC->CSR & RCC_CSR_MSISRANGE) >> 8U;
ARM GAS  /tmp/ccqUmKfw.s 			page 7


  59              		.loc 1 287 6 is_stmt 1 view .LVU7
  60              		.loc 1 287 21 is_stmt 0 view .LVU8
  61 000c 4FF0B043 		mov	r3, #1476395008
  62 0010 D3F89430 		ldr	r3, [r3, #148]
  63              		.loc 1 287 15 view .LVU9
  64 0014 C3F30323 		ubfx	r3, r3, #8, #4
  65              	.LVL0:
  66              	.L4:
 288:Core/Src/system_stm32wlxx.c ****    }
 289:Core/Src/system_stm32wlxx.c ****    else
 290:Core/Src/system_stm32wlxx.c ****    { /* MSIRANGE from RCC_CR applies */
 291:Core/Src/system_stm32wlxx.c ****      msirange = (RCC->CR & RCC_CR_MSIRANGE) >> 4U;
 292:Core/Src/system_stm32wlxx.c ****    }
 293:Core/Src/system_stm32wlxx.c ****    /*MSI frequency range in HZ*/
 294:Core/Src/system_stm32wlxx.c ****    msirange = MSIRangeTable[msirange];
  67              		.loc 1 294 4 is_stmt 1 view .LVU10
  68              		.loc 1 294 13 is_stmt 0 view .LVU11
  69 0018 2C4A     		ldr	r2, .L17
  70 001a 52F82320 		ldr	r2, [r2, r3, lsl #2]
  71              	.LVL1:
 295:Core/Src/system_stm32wlxx.c **** 
 296:Core/Src/system_stm32wlxx.c **** 
 297:Core/Src/system_stm32wlxx.c ****   /*SystemCoreClock=HAL_RCC_GetSysClockFreq();*/
 298:Core/Src/system_stm32wlxx.c ****   /* Get SYSCLK source -------------------------------------------------------*/
 299:Core/Src/system_stm32wlxx.c ****   switch (RCC->CFGR & RCC_CFGR_SWS)
  72              		.loc 1 299 3 is_stmt 1 view .LVU12
  73              		.loc 1 299 14 is_stmt 0 view .LVU13
  74 001e 4FF0B043 		mov	r3, #1476395008
  75 0022 9B68     		ldr	r3, [r3, #8]
  76              		.loc 1 299 21 view .LVU14
  77 0024 03F00C03 		and	r3, r3, #12
  78              		.loc 1 299 3 view .LVU15
  79 0028 0C2B     		cmp	r3, #12
  80 002a 3FD8     		bhi	.L5
  81 002c DFE803F0 		tbb	[pc, r3]
  82              	.L7:
  83 0030 0D       		.byte	(.L10-.L7)/2
  84 0031 3E       		.byte	(.L5-.L7)/2
  85 0032 3E       		.byte	(.L5-.L7)/2
  86 0033 3E       		.byte	(.L5-.L7)/2
  87 0034 10       		.byte	(.L9-.L7)/2
  88 0035 3E       		.byte	(.L5-.L7)/2
  89 0036 3E       		.byte	(.L5-.L7)/2
  90 0037 3E       		.byte	(.L5-.L7)/2
  91 0038 14       		.byte	(.L8-.L7)/2
  92 0039 3E       		.byte	(.L5-.L7)/2
  93 003a 3E       		.byte	(.L5-.L7)/2
  94 003b 3E       		.byte	(.L5-.L7)/2
  95 003c 18       		.byte	(.L6-.L7)/2
  96              	.LVL2:
  97 003d 00       		.p2align 1
  98              	.L3:
 291:Core/Src/system_stm32wlxx.c ****    }
  99              		.loc 1 291 6 is_stmt 1 view .LVU16
 291:Core/Src/system_stm32wlxx.c ****    }
 100              		.loc 1 291 21 is_stmt 0 view .LVU17
 101 003e 4FF0B043 		mov	r3, #1476395008
ARM GAS  /tmp/ccqUmKfw.s 			page 8


 102 0042 1B68     		ldr	r3, [r3]
 291:Core/Src/system_stm32wlxx.c ****    }
 103              		.loc 1 291 15 view .LVU18
 104 0044 C3F30313 		ubfx	r3, r3, #4, #4
 105 0048 E6E7     		b	.L4
 106              	.LVL3:
 107              	.L10:
 300:Core/Src/system_stm32wlxx.c ****   {
 301:Core/Src/system_stm32wlxx.c ****     case 0x00:   /* MSI used as system clock source */
 302:Core/Src/system_stm32wlxx.c ****       SystemCoreClock = msirange;
 108              		.loc 1 302 7 is_stmt 1 view .LVU19
 109              		.loc 1 302 23 is_stmt 0 view .LVU20
 110 004a 214B     		ldr	r3, .L17+4
 111 004c 1A60     		str	r2, [r3]
 303:Core/Src/system_stm32wlxx.c ****       break;
 112              		.loc 1 303 7 is_stmt 1 view .LVU21
 113 004e 2FE0     		b	.L11
 114              	.L9:
 304:Core/Src/system_stm32wlxx.c **** 
 305:Core/Src/system_stm32wlxx.c ****     case 0x04:  /* HSI used as system clock source */
 306:Core/Src/system_stm32wlxx.c ****       /* HSI used as system clock source */
 307:Core/Src/system_stm32wlxx.c ****         SystemCoreClock = HSI_VALUE;
 115              		.loc 1 307 9 view .LVU22
 116              		.loc 1 307 25 is_stmt 0 view .LVU23
 117 0050 1F4B     		ldr	r3, .L17+4
 118 0052 204A     		ldr	r2, .L17+8
 119              	.LVL4:
 120              		.loc 1 307 25 view .LVU24
 121 0054 1A60     		str	r2, [r3]
 308:Core/Src/system_stm32wlxx.c ****       break;
 122              		.loc 1 308 7 is_stmt 1 view .LVU25
 123 0056 2BE0     		b	.L11
 124              	.LVL5:
 125              	.L8:
 309:Core/Src/system_stm32wlxx.c **** 
 310:Core/Src/system_stm32wlxx.c ****     case 0x08:  /* HSE used as system clock source */
 311:Core/Src/system_stm32wlxx.c ****       SystemCoreClock = HSE_VALUE;
 126              		.loc 1 311 7 view .LVU26
 127              		.loc 1 311 23 is_stmt 0 view .LVU27
 128 0058 1D4B     		ldr	r3, .L17+4
 129 005a 1F4A     		ldr	r2, .L17+12
 130              	.LVL6:
 131              		.loc 1 311 23 view .LVU28
 132 005c 1A60     		str	r2, [r3]
 312:Core/Src/system_stm32wlxx.c ****       break;
 133              		.loc 1 312 7 is_stmt 1 view .LVU29
 134 005e 27E0     		b	.L11
 135              	.LVL7:
 136              	.L6:
 313:Core/Src/system_stm32wlxx.c **** 
 314:Core/Src/system_stm32wlxx.c ****     case 0x0C: /* PLL used as system clock  source */
 315:Core/Src/system_stm32wlxx.c ****       /* PLL_VCO = (HSE_VALUE or HSI_VALUE or MSI_VALUE/ PLLM) * PLLN
 316:Core/Src/system_stm32wlxx.c ****          SYSCLK = PLL_VCO / PLLR
 317:Core/Src/system_stm32wlxx.c ****          */
 318:Core/Src/system_stm32wlxx.c ****       pllsource = (RCC->PLLCFGR & RCC_PLLCFGR_PLLSRC);
 137              		.loc 1 318 7 view .LVU30
 138              		.loc 1 318 23 is_stmt 0 view .LVU31
ARM GAS  /tmp/ccqUmKfw.s 			page 9


 139 0060 4FF0B043 		mov	r3, #1476395008
 140 0064 D968     		ldr	r1, [r3, #12]
 141              		.loc 1 318 17 view .LVU32
 142 0066 01F00301 		and	r1, r1, #3
 143              	.LVL8:
 319:Core/Src/system_stm32wlxx.c ****       pllm = ((RCC->PLLCFGR & RCC_PLLCFGR_PLLM) >> RCC_PLLCFGR_PLLM_Pos) + 1UL ;
 144              		.loc 1 319 7 is_stmt 1 view .LVU33
 145              		.loc 1 319 19 is_stmt 0 view .LVU34
 146 006a DB68     		ldr	r3, [r3, #12]
 147              		.loc 1 319 49 view .LVU35
 148 006c C3F30213 		ubfx	r3, r3, #4, #3
 149              		.loc 1 319 12 view .LVU36
 150 0070 0133     		adds	r3, r3, #1
 151              	.LVL9:
 320:Core/Src/system_stm32wlxx.c **** 
 321:Core/Src/system_stm32wlxx.c ****       switch (pllsource)
 152              		.loc 1 321 7 is_stmt 1 view .LVU37
 153 0072 0229     		cmp	r1, #2
 154 0074 04D0     		beq	.L12
 155 0076 0329     		cmp	r1, #3
 156 0078 14D0     		beq	.L13
 322:Core/Src/system_stm32wlxx.c ****       {
 323:Core/Src/system_stm32wlxx.c ****         case 0x02:  /* HSI used as PLL clock source */
 324:Core/Src/system_stm32wlxx.c ****           pllvco = (HSI_VALUE / pllm);
 325:Core/Src/system_stm32wlxx.c ****           break;
 326:Core/Src/system_stm32wlxx.c **** 
 327:Core/Src/system_stm32wlxx.c ****         case 0x03:  /* HSE used as PLL clock source */
 328:Core/Src/system_stm32wlxx.c ****           pllvco = (HSE_VALUE / pllm);
 329:Core/Src/system_stm32wlxx.c ****           break;
 330:Core/Src/system_stm32wlxx.c **** 
 331:Core/Src/system_stm32wlxx.c ****         default:    /* MSI used as PLL clock source */
 332:Core/Src/system_stm32wlxx.c ****           pllvco = (msirange / pllm);
 157              		.loc 1 332 11 view .LVU38
 158              		.loc 1 332 18 is_stmt 0 view .LVU39
 159 007a B2FBF3F2 		udiv	r2, r2, r3
 160              	.LVL10:
 333:Core/Src/system_stm32wlxx.c ****           break;
 161              		.loc 1 333 11 is_stmt 1 view .LVU40
 162 007e 02E0     		b	.L15
 163              	.LVL11:
 164              	.L12:
 324:Core/Src/system_stm32wlxx.c ****           break;
 165              		.loc 1 324 11 view .LVU41
 324:Core/Src/system_stm32wlxx.c ****           break;
 166              		.loc 1 324 18 is_stmt 0 view .LVU42
 167 0080 144A     		ldr	r2, .L17+8
 168              	.LVL12:
 324:Core/Src/system_stm32wlxx.c ****           break;
 169              		.loc 1 324 18 view .LVU43
 170 0082 B2FBF3F2 		udiv	r2, r2, r3
 171              	.LVL13:
 325:Core/Src/system_stm32wlxx.c **** 
 172              		.loc 1 325 11 is_stmt 1 view .LVU44
 173              	.L15:
 334:Core/Src/system_stm32wlxx.c ****       }
 335:Core/Src/system_stm32wlxx.c **** 
 336:Core/Src/system_stm32wlxx.c ****       pllvco = pllvco * ((RCC->PLLCFGR & RCC_PLLCFGR_PLLN) >> RCC_PLLCFGR_PLLN_Pos);
ARM GAS  /tmp/ccqUmKfw.s 			page 10


 174              		.loc 1 336 7 view .LVU45
 175              		.loc 1 336 30 is_stmt 0 view .LVU46
 176 0086 4FF0B041 		mov	r1, #1476395008
 177              	.LVL14:
 178              		.loc 1 336 30 view .LVU47
 179 008a CB68     		ldr	r3, [r1, #12]
 180              	.LVL15:
 181              		.loc 1 336 60 view .LVU48
 182 008c C3F30623 		ubfx	r3, r3, #8, #7
 183              		.loc 1 336 14 view .LVU49
 184 0090 02FB03F3 		mul	r3, r2, r3
 185              	.LVL16:
 337:Core/Src/system_stm32wlxx.c ****       pllr = (((RCC->PLLCFGR & RCC_PLLCFGR_PLLR) >> RCC_PLLCFGR_PLLR_Pos) + 1UL);
 186              		.loc 1 337 7 is_stmt 1 view .LVU50
 187              		.loc 1 337 20 is_stmt 0 view .LVU51
 188 0094 CA68     		ldr	r2, [r1, #12]
 189              		.loc 1 337 50 view .LVU52
 190 0096 520F     		lsrs	r2, r2, #29
 191              		.loc 1 337 12 view .LVU53
 192 0098 0132     		adds	r2, r2, #1
 193              	.LVL17:
 338:Core/Src/system_stm32wlxx.c **** 
 339:Core/Src/system_stm32wlxx.c ****       SystemCoreClock = pllvco/pllr;
 194              		.loc 1 339 7 is_stmt 1 view .LVU54
 195              		.loc 1 339 31 is_stmt 0 view .LVU55
 196 009a B3FBF2F3 		udiv	r3, r3, r2
 197              	.LVL18:
 198              		.loc 1 339 23 view .LVU56
 199 009e 0C4A     		ldr	r2, .L17+4
 200              	.LVL19:
 201              		.loc 1 339 23 view .LVU57
 202 00a0 1360     		str	r3, [r2]
 340:Core/Src/system_stm32wlxx.c ****       break;
 203              		.loc 1 340 7 is_stmt 1 view .LVU58
 204 00a2 05E0     		b	.L11
 205              	.LVL20:
 206              	.L13:
 328:Core/Src/system_stm32wlxx.c ****           break;
 207              		.loc 1 328 11 view .LVU59
 328:Core/Src/system_stm32wlxx.c ****           break;
 208              		.loc 1 328 18 is_stmt 0 view .LVU60
 209 00a4 0C4A     		ldr	r2, .L17+12
 210              	.LVL21:
 328:Core/Src/system_stm32wlxx.c ****           break;
 211              		.loc 1 328 18 view .LVU61
 212 00a6 B2FBF3F2 		udiv	r2, r2, r3
 213              	.LVL22:
 329:Core/Src/system_stm32wlxx.c **** 
 214              		.loc 1 329 11 is_stmt 1 view .LVU62
 215 00aa ECE7     		b	.L15
 216              	.LVL23:
 217              	.L5:
 341:Core/Src/system_stm32wlxx.c **** 
 342:Core/Src/system_stm32wlxx.c ****     default:
 343:Core/Src/system_stm32wlxx.c ****       SystemCoreClock = msirange;
 218              		.loc 1 343 7 view .LVU63
 219              		.loc 1 343 23 is_stmt 0 view .LVU64
ARM GAS  /tmp/ccqUmKfw.s 			page 11


 220 00ac 084B     		ldr	r3, .L17+4
 221 00ae 1A60     		str	r2, [r3]
 344:Core/Src/system_stm32wlxx.c ****       break;
 222              		.loc 1 344 7 is_stmt 1 view .LVU65
 223              	.LVL24:
 224              	.L11:
 345:Core/Src/system_stm32wlxx.c ****   }
 346:Core/Src/system_stm32wlxx.c **** 
 347:Core/Src/system_stm32wlxx.c ****   /* Compute HCLK clock frequency --------------------------------------------*/
 348:Core/Src/system_stm32wlxx.c **** #if defined(DUAL_CORE) &&  defined(CORE_CM0PLUS)
 349:Core/Src/system_stm32wlxx.c ****   /* Get HCLK2 prescaler */
 350:Core/Src/system_stm32wlxx.c ****   tmp = AHBPrescTable[((RCC->EXTCFGR & RCC_EXTCFGR_C2HPRE) >> RCC_EXTCFGR_C2HPRE_Pos)];
 351:Core/Src/system_stm32wlxx.c **** #else
 352:Core/Src/system_stm32wlxx.c ****   /* Get HCLK1 prescaler */
 353:Core/Src/system_stm32wlxx.c ****   tmp = AHBPrescTable[((RCC->CFGR & RCC_CFGR_HPRE) >> RCC_CFGR_HPRE_Pos)];
 225              		.loc 1 353 3 view .LVU66
 226              		.loc 1 353 28 is_stmt 0 view .LVU67
 227 00b0 4FF0B043 		mov	r3, #1476395008
 228 00b4 9B68     		ldr	r3, [r3, #8]
 229              		.loc 1 353 52 view .LVU68
 230 00b6 C3F30313 		ubfx	r3, r3, #4, #4
 231              		.loc 1 353 7 view .LVU69
 232 00ba 084A     		ldr	r2, .L17+16
 233 00bc 52F82310 		ldr	r1, [r2, r3, lsl #2]
 234              	.LVL25:
 354:Core/Src/system_stm32wlxx.c **** #endif
 355:Core/Src/system_stm32wlxx.c **** 
 356:Core/Src/system_stm32wlxx.c ****   /* Core clock frequency */
 357:Core/Src/system_stm32wlxx.c ****   SystemCoreClock = SystemCoreClock / tmp;
 235              		.loc 1 357 3 is_stmt 1 view .LVU70
 236              		.loc 1 357 37 is_stmt 0 view .LVU71
 237 00c0 034A     		ldr	r2, .L17+4
 238 00c2 1368     		ldr	r3, [r2]
 239 00c4 B3FBF1F3 		udiv	r3, r3, r1
 240              		.loc 1 357 19 view .LVU72
 241 00c8 1360     		str	r3, [r2]
 358:Core/Src/system_stm32wlxx.c **** }
 242              		.loc 1 358 1 view .LVU73
 243 00ca 7047     		bx	lr
 244              	.L18:
 245              		.align	2
 246              	.L17:
 247 00cc 00000000 		.word	MSIRangeTable
 248 00d0 00000000 		.word	SystemCoreClock
 249 00d4 0024F400 		.word	16000000
 250 00d8 0048E801 		.word	32000000
 251 00dc 00000000 		.word	AHBPrescTable
 252              		.cfi_endproc
 253              	.LFE847:
 255              		.global	MSIRangeTable
 256              		.section	.rodata.MSIRangeTable,"a"
 257              		.align	2
 260              	MSIRangeTable:
 261 0000 A0860100 		.word	100000
 262 0004 400D0300 		.word	200000
 263 0008 801A0600 		.word	400000
 264 000c 00350C00 		.word	800000
ARM GAS  /tmp/ccqUmKfw.s 			page 12


 265 0010 40420F00 		.word	1000000
 266 0014 80841E00 		.word	2000000
 267 0018 00093D00 		.word	4000000
 268 001c 00127A00 		.word	8000000
 269 0020 0024F400 		.word	16000000
 270 0024 00366E01 		.word	24000000
 271 0028 0048E801 		.word	32000000
 272 002c 006CDC02 		.word	48000000
 273 0030 00000000 		.word	0
 274 0034 00000000 		.word	0
 275 0038 00000000 		.word	0
 276 003c 00000000 		.word	0
 277              		.global	APBPrescTable
 278              		.section	.rodata.APBPrescTable,"a"
 279              		.align	2
 282              	APBPrescTable:
 283 0000 00000000 		.word	0
 284 0004 00000000 		.word	0
 285 0008 00000000 		.word	0
 286 000c 00000000 		.word	0
 287 0010 01000000 		.word	1
 288 0014 02000000 		.word	2
 289 0018 03000000 		.word	3
 290 001c 04000000 		.word	4
 291              		.global	AHBPrescTable
 292              		.section	.rodata.AHBPrescTable,"a"
 293              		.align	2
 296              	AHBPrescTable:
 297 0000 01000000 		.word	1
 298 0004 03000000 		.word	3
 299 0008 05000000 		.word	5
 300 000c 01000000 		.word	1
 301 0010 01000000 		.word	1
 302 0014 06000000 		.word	6
 303 0018 0A000000 		.word	10
 304 001c 20000000 		.word	32
 305 0020 02000000 		.word	2
 306 0024 04000000 		.word	4
 307 0028 08000000 		.word	8
 308 002c 10000000 		.word	16
 309 0030 40000000 		.word	64
 310 0034 80000000 		.word	128
 311 0038 00010000 		.word	256
 312 003c 00020000 		.word	512
 313              		.global	SystemCoreClock
 314              		.section	.data.SystemCoreClock,"aw"
 315              		.align	2
 318              	SystemCoreClock:
 319 0000 00093D00 		.word	4000000
 320              		.text
 321              	.Letext0:
 322              		.file 2 "/home/zgsdlv/.arduino15/packages/STMicroelectronics/tools/xpack-arm-none-eabi-gcc/14.2.1-
 323              		.file 3 "/home/zgsdlv/.arduino15/packages/STMicroelectronics/tools/xpack-arm-none-eabi-gcc/14.2.1-
 324              		.file 4 "Drivers/CMSIS/Device/ST/STM32WLxx/Include/system_stm32wlxx.h"
 325              		.file 5 "Drivers/CMSIS/Device/ST/STM32WLxx/Include/stm32wle5xx.h"
 326              		.file 6 "Drivers/STM32WLxx_HAL_Driver/Inc/stm32wlxx_ll_dma.h"
ARM GAS  /tmp/ccqUmKfw.s 			page 13


DEFINED SYMBOLS
                            *ABS*:00000000 system_stm32wlxx.c
     /tmp/ccqUmKfw.s:19     .text.SystemInit:00000000 $t
     /tmp/ccqUmKfw.s:25     .text.SystemInit:00000000 SystemInit
     /tmp/ccqUmKfw.s:38     .text.SystemCoreClockUpdate:00000000 $t
     /tmp/ccqUmKfw.s:44     .text.SystemCoreClockUpdate:00000000 SystemCoreClockUpdate
     /tmp/ccqUmKfw.s:83     .text.SystemCoreClockUpdate:00000030 $d
     /tmp/ccqUmKfw.s:247    .text.SystemCoreClockUpdate:000000cc $d
     /tmp/ccqUmKfw.s:260    .rodata.MSIRangeTable:00000000 MSIRangeTable
     /tmp/ccqUmKfw.s:318    .data.SystemCoreClock:00000000 SystemCoreClock
     /tmp/ccqUmKfw.s:296    .rodata.AHBPrescTable:00000000 AHBPrescTable
     /tmp/ccqUmKfw.s:257    .rodata.MSIRangeTable:00000000 $d
     /tmp/ccqUmKfw.s:282    .rodata.APBPrescTable:00000000 APBPrescTable
     /tmp/ccqUmKfw.s:279    .rodata.APBPrescTable:00000000 $d
     /tmp/ccqUmKfw.s:293    .rodata.AHBPrescTable:00000000 $d
     /tmp/ccqUmKfw.s:315    .data.SystemCoreClock:00000000 $d
     /tmp/ccqUmKfw.s:97     .text.SystemCoreClockUpdate:0000003d $d
     /tmp/ccqUmKfw.s:97     .text.SystemCoreClockUpdate:0000003e $t

NO UNDEFINED SYMBOLS
